<?xml version="1.0" encoding="UTF-8"?>
<robot generator="Robot 5.0.1 (Python 3.9.13 on win32)" generated="20230118 15:25:08.183" rpa="false" schemaversion="3">
<suite id="s1" name="LancementTest" source="c:\Users\simon\OneDrive\Bureau\Cours\VS_Code\SituLearn\SituLearn\Editor\LancementTest.robot">
<test id="s1-t1" name="Filtres" line="15">
<kw name="Filtre Domaine Pedagogique Musee" library="FiltresDomainePedagogique">
<kw name="Creer balade interactive valide" library="CreerSortie">
<kw name="Connecter situlearnEditor" library="Prerequis">
<kw name="Connection situlearnEditor" library="CompteUtilisateur">
<arg>testsitulearn@gmail.com</arg>
<arg>TestSituLearn1234</arg>
<kw name="Open Browser" library="Selenium2Library">
<arg>${PAGE}</arg>
<arg>${BROWSER}</arg>
<doc>Opens a new browser instance to the optional ``url``.</doc>
<msg timestamp="20230118 15:25:10.212" level="INFO">Opening browser 'Chrome' to base url 'https://situlearn-editor.univ-lemans.fr/login'.</msg>
<status status="PASS" starttime="20230118 15:25:10.211" endtime="20230118 15:25:12.104"/>
</kw>
<kw name="Maximize Browser Window" library="Selenium2Library">
<doc>Maximizes current browser window.</doc>
<status status="PASS" starttime="20230118 15:25:12.105" endtime="20230118 15:25:12.268"/>
</kw>
<kw name="Wait Until Page Contains Element" library="Selenium2Library">
<arg>xpath://div[contains(text(),"Veuillez vous connecter")]</arg>
<arg>35</arg>
<doc>Waits until the element ``locator`` appears on the current page.</doc>
<status status="PASS" starttime="20230118 15:25:12.268" endtime="20230118 15:25:15.469"/>
</kw>
<kw name="Input Text" library="Selenium2Library">
<arg>name:email</arg>
<arg>${MAIL}</arg>
<doc>Types the given ``text`` into the text field identified by ``locator``.</doc>
<msg timestamp="20230118 15:25:15.470" level="INFO">Typing text 'testsitulearn@gmail.com' into text field 'name:email'.</msg>
<status status="PASS" starttime="20230118 15:25:15.469" endtime="20230118 15:25:15.650"/>
</kw>
<kw name="Input Text" library="Selenium2Library">
<arg>name:password</arg>
<arg>${MDP}</arg>
<doc>Types the given ``text`` into the text field identified by ``locator``.</doc>
<msg timestamp="20230118 15:25:15.652" level="INFO">Typing text 'TestSituLearn1234' into text field 'name:password'.</msg>
<status status="PASS" starttime="20230118 15:25:15.651" endtime="20230118 15:25:15.784"/>
</kw>
<kw name="Click Button" library="Selenium2Library">
<arg>xpath://button[contains(text(),"Connexion")]</arg>
<doc>Clicks the button identified by ``locator``.</doc>
<msg timestamp="20230118 15:25:15.786" level="INFO">Clicking button 'xpath://button[contains(text(),"Connexion")]'.</msg>
<status status="PASS" starttime="20230118 15:25:15.785" endtime="20230118 15:25:15.938"/>
</kw>
<kw name="Wait Until Page Contains Element" library="Selenium2Library">
<arg>xpath://h1[contains(text(),"Gestion des sorties pédagogiques")]</arg>
<arg>10</arg>
<doc>Waits until the element ``locator`` appears on the current page.</doc>
<status status="PASS" starttime="20230118 15:25:15.939" endtime="20230118 15:25:16.223"/>
</kw>
<kw name="Sleep" library="BuiltIn">
<arg>2</arg>
<doc>Pauses the test executed for the given time.</doc>
<msg timestamp="20230118 15:25:18.239" level="INFO">Slept 2 seconds</msg>
<status status="PASS" starttime="20230118 15:25:16.224" endtime="20230118 15:25:18.239"/>
</kw>
<status status="PASS" starttime="20230118 15:25:10.210" endtime="20230118 15:25:18.241"/>
</kw>
<status status="PASS" starttime="20230118 15:25:10.209" endtime="20230118 15:25:18.241"/>
</kw>
<kw name="Click Button" library="Selenium2Library">
<arg>xpath://button[contains(text(),"Ajouter une sortie")]</arg>
<doc>Clicks the button identified by ``locator``.</doc>
<msg timestamp="20230118 15:25:18.242" level="INFO">Clicking button 'xpath://button[contains(text(),"Ajouter une sortie")]'.</msg>
<status status="PASS" starttime="20230118 15:25:18.241" endtime="20230118 15:25:18.538"/>
</kw>
<kw name="Input Text" library="Selenium2Library">
<arg>xpath://input[contains(@placeholder,"Nom de la sortie")]</arg>
<arg>balade</arg>
<doc>Types the given ``text`` into the text field identified by ``locator``.</doc>
<msg timestamp="20230118 15:25:18.540" level="INFO">Typing text 'balade' into text field 'xpath://input[contains(@placeholder,"Nom de la sortie")]'.</msg>
<status status="PASS" starttime="20230118 15:25:18.538" endtime="20230118 15:25:18.691"/>
</kw>
<kw name="Input Text" library="Selenium2Library">
<arg>xpath://textarea[contains(@placeholder,"Description")]</arg>
<arg>C'est une balade</arg>
<doc>Types the given ``text`` into the text field identified by ``locator``.</doc>
<msg timestamp="20230118 15:25:18.694" level="INFO">Typing text 'C'est une balade' into text field 'xpath://textarea[contains(@placeholder,"Description")]'.</msg>
<status status="PASS" starttime="20230118 15:25:18.693" endtime="20230118 15:25:18.832"/>
</kw>
<kw name="Click Button" library="Selenium2Library">
<arg>xpath://input[contains(@placeholder,"Domaine pédagogique")]</arg>
<doc>Clicks the button identified by ``locator``.</doc>
<msg timestamp="20230118 15:25:18.833" level="INFO">Clicking button 'xpath://input[contains(@placeholder,"Domaine pédagogique")]'.</msg>
<status status="PASS" starttime="20230118 15:25:18.833" endtime="20230118 15:25:18.900"/>
</kw>
<kw name="Click Element" library="Selenium2Library">
<arg>xpath://li[contains(text(),"Autre")]</arg>
<doc>Click the element identified by ``locator``.</doc>
<msg timestamp="20230118 15:25:18.901" level="INFO">Clicking element 'xpath://li[contains(text(),"Autre")]'.</msg>
<status status="PASS" starttime="20230118 15:25:18.900" endtime="20230118 15:25:18.964"/>
</kw>
<kw name="Click Button" library="Selenium2Library">
<arg>xpath://input[contains(@placeholder,"Type")]</arg>
<doc>Clicks the button identified by ``locator``.</doc>
<msg timestamp="20230118 15:25:18.965" level="INFO">Clicking button 'xpath://input[contains(@placeholder,"Type")]'.</msg>
<status status="PASS" starttime="20230118 15:25:18.964" endtime="20230118 15:25:19.025"/>
</kw>
<kw name="Click Element" library="Selenium2Library">
<arg>xpath://li[contains(text(),"Balade interactive")]</arg>
<doc>Click the element identified by ``locator``.</doc>
<msg timestamp="20230118 15:25:19.026" level="INFO">Clicking element 'xpath://li[contains(text(),"Balade interactive")]'.</msg>
<status status="PASS" starttime="20230118 15:25:19.025" endtime="20230118 15:25:19.077"/>
</kw>
<kw name="Click Button" library="Selenium2Library">
<arg>xpath://button[contains(text(),"Enregistrer")]</arg>
<doc>Clicks the button identified by ``locator``.</doc>
<msg timestamp="20230118 15:25:19.078" level="INFO">Clicking button 'xpath://button[contains(text(),"Enregistrer")]'.</msg>
<status status="PASS" starttime="20230118 15:25:19.077" endtime="20230118 15:25:19.162"/>
</kw>
<status status="PASS" starttime="20230118 15:25:10.209" endtime="20230118 15:25:19.162"/>
</kw>
<kw name="Wait Until Element Is Visible" library="Selenium2Library">
<arg>xpath://html/body/div[1]/div/div[2]/div[3]/div[1]/div[2]/div/div/div[2]/div[1]/div[2]/div/div/div[2]/div/div[3]/div[1]/div/div/div/input</arg>
<doc>Waits until the element ``locator`` is visible.</doc>
<status status="PASS" starttime="20230118 15:25:19.162" endtime="20230118 15:25:20.373"/>
</kw>
<kw name="Click Element" library="Selenium2Library">
<arg>xpath://html/body/div[1]/div/div[2]/div[3]/div[1]/div[2]/div/div/div[2]/div[1]/div[2]/div/div/div[2]/div/div[3]/div[1]/div/div/div/input</arg>
<doc>Click the element identified by ``locator``.</doc>
<msg timestamp="20230118 15:25:20.375" level="INFO">Clicking element 'xpath://html/body/div[1]/div/div[2]/div[3]/div[1]/div[2]/div/div/div[2]/div[1]/div[2]/div/div/div[2]/div/div[3]/div[1]/div/div/div/input'.</msg>
<status status="PASS" starttime="20230118 15:25:20.374" endtime="20230118 15:25:20.432"/>
</kw>
<kw name="Wait Until Element Is Visible" library="Selenium2Library">
<arg>xpath://html/body/div[4]/ul/li[7]</arg>
<doc>Waits until the element ``locator`` is visible.</doc>
<msg timestamp="20230118 15:25:25.612" level="INFO" html="true">&lt;/td&gt;&lt;/tr&gt;&lt;tr&gt;&lt;td colspan="3"&gt;&lt;a href="selenium-screenshot-135.png"&gt;&lt;img src="selenium-screenshot-135.png" width="800px"&gt;&lt;/a&gt;</msg>
<msg timestamp="20230118 15:25:25.614" level="FAIL">Element 'xpath://html/body/div[4]/ul/li[7]' not visible after 5 seconds.</msg>
<status status="FAIL" starttime="20230118 15:25:20.432" endtime="20230118 15:25:25.616"/>
</kw>
<kw name="Click Element" library="Selenium2Library">
<arg>xpath://html/body/div[4]/ul/li[7]</arg>
<doc>Click the element identified by ``locator``.</doc>
<status status="NOT RUN" starttime="20230118 15:25:25.617" endtime="20230118 15:25:25.617"/>
</kw>
<kw name="Click Element" library="Selenium2Library">
<arg>xpath://html/body/div[1]/div/div[2]/div[3]/div[1]/div[1]/div/div[2]/button[1]</arg>
<doc>Click the element identified by ``locator``.</doc>
<status status="NOT RUN" starttime="20230118 15:25:25.618" endtime="20230118 15:25:25.618"/>
</kw>
<kw name="Wait Until Element Is Visible" library="Selenium2Library">
<arg>xpath://a[contains(text(),"Gestion des sorties pédagogiques")]</arg>
<doc>Waits until the element ``locator`` is visible.</doc>
<status status="NOT RUN" starttime="20230118 15:25:25.618" endtime="20230118 15:25:25.618"/>
</kw>
<kw name="Click Element" library="Selenium2Library">
<arg>xpath://a[contains(text(),"Gestion des sorties pédagogiques")]</arg>
<doc>Click the element identified by ``locator``.</doc>
<status status="NOT RUN" starttime="20230118 15:25:25.618" endtime="20230118 15:25:25.619"/>
</kw>
<kw name="Sleep" library="BuiltIn">
<arg>2s</arg>
<doc>Pauses the test executed for the given time.</doc>
<status status="NOT RUN" starttime="20230118 15:25:25.619" endtime="20230118 15:25:25.619"/>
</kw>
<kw name="Element Text Should Be" library="Selenium2Library">
<arg>xpath://html/body/div[1]/div/div[2]/div[3]/div[1]/div/div/div[1]/div[2]/h1</arg>
<arg>Gestion des sorties pédagogiques</arg>
<doc>Verifies that element ``locator`` contains exact the text ``expected``.</doc>
<status status="NOT RUN" starttime="20230118 15:25:25.619" endtime="20230118 15:25:25.619"/>
</kw>
<kw name="Click Element" library="Selenium2Library">
<arg>xpath://html/body/div[1]/div/div[2]/div[3]/div[1]/table/thead/tr[2]/th[4]/span</arg>
<doc>Click the element identified by ``locator``.</doc>
<status status="NOT RUN" starttime="20230118 15:25:25.619" endtime="20230118 15:25:25.620"/>
</kw>
<kw name="Wait Until Element Is Visible" library="Selenium2Library">
<arg>xpath://ul/li[6]</arg>
<doc>Waits until the element ``locator`` is visible.</doc>
<status status="NOT RUN" starttime="20230118 15:25:25.620" endtime="20230118 15:25:25.620"/>
</kw>
<kw name="Click Element" library="Selenium2Library">
<arg>xpath://ul/li[6]</arg>
<doc>Click the element identified by ``locator``.</doc>
<status status="NOT RUN" starttime="20230118 15:25:25.620" endtime="20230118 15:25:25.620"/>
</kw>
<kw name="Sleep" library="BuiltIn">
<arg>2s</arg>
<doc>Pauses the test executed for the given time.</doc>
<status status="NOT RUN" starttime="20230118 15:25:25.620" endtime="20230118 15:25:25.621"/>
</kw>
<kw name="Run Keyword And Return Status" library="BuiltIn">
<var>${isPresent}</var>
<arg>Element Should Be Visible</arg>
<arg>xpath://button[@class='show-more btn btn-primary ']</arg>
<doc>Runs the given keyword with given arguments and returns the status as a Boolean value.</doc>
<status status="NOT RUN" starttime="20230118 15:25:25.621" endtime="20230118 15:25:25.621"/>
</kw>
<while condition="${isPresent}">
<iter>
<kw name="Click Button" library="Selenium2Library">
<arg>xpath://button[@class='show-more btn btn-primary ']</arg>
<doc>Clicks the button identified by ``locator``.</doc>
<status status="NOT RUN" starttime="20230118 15:25:25.622" endtime="20230118 15:25:25.622"/>
</kw>
<kw name="Sleep" library="BuiltIn">
<arg>2s</arg>
<doc>Pauses the test executed for the given time.</doc>
<status status="NOT RUN" starttime="20230118 15:25:25.622" endtime="20230118 15:25:25.622"/>
</kw>
<kw name="Run Keyword And Return Status" library="BuiltIn">
<var>${isPresent}</var>
<arg>Element Should Be Visible</arg>
<arg>xpath://button[@class='show-more btn btn-primary ']</arg>
<doc>Runs the given keyword with given arguments and returns the status as a Boolean value.</doc>
<status status="NOT RUN" starttime="20230118 15:25:25.623" endtime="20230118 15:25:25.623"/>
</kw>
<status status="NOT RUN" starttime="20230118 15:25:25.622" endtime="20230118 15:25:25.623"/>
</iter>
<status status="NOT RUN" starttime="20230118 15:25:25.621" endtime="20230118 15:25:25.623"/>
</while>
<kw name="Run Keyword And Return Status" library="BuiltIn">
<var>${isPresent}</var>
<arg>Element Should Be Visible</arg>
<arg>xpath://tr[1]/td[7]/div/div[5]/button/i[contains(@class,"fas fa-trash")]</arg>
<doc>Runs the given keyword with given arguments and returns the status as a Boolean value.</doc>
<status status="NOT RUN" starttime="20230118 15:25:25.623" endtime="20230118 15:25:25.624"/>
</kw>
<kw name="Evaluate" library="BuiltIn">
<var>${num}</var>
<arg>0</arg>
<doc>Evaluates the given expression in Python and returns the result.</doc>
<status status="NOT RUN" starttime="20230118 15:25:25.624" endtime="20230118 15:25:25.624"/>
</kw>
<while condition="${isPresent}">
<iter>
<kw name="Evaluate" library="BuiltIn">
<var>${num}</var>
<arg>${num} + 1</arg>
<doc>Evaluates the given expression in Python and returns the result.</doc>
<status status="NOT RUN" starttime="20230118 15:25:25.624" endtime="20230118 15:25:25.625"/>
</kw>
<kw name="Evaluate" library="BuiltIn">
<var>${numTmp}</var>
<arg>(${num} * 2) - 1</arg>
<doc>Evaluates the given expression in Python and returns the result.</doc>
<status status="NOT RUN" starttime="20230118 15:25:25.625" endtime="20230118 15:25:25.625"/>
</kw>
<kw name="Element Text Should Be" library="Selenium2Library">
<arg>xpath://tr[${numTmp}]/td[4]</arg>
<arg>Musée</arg>
<doc>Verifies that element ``locator`` contains exact the text ``expected``.</doc>
<status status="NOT RUN" starttime="20230118 15:25:25.625" endtime="20230118 15:25:25.625"/>
</kw>
<kw name="Evaluate" library="BuiltIn">
<var>${numTmp}</var>
<arg>${numTmp} + 2</arg>
<doc>Evaluates the given expression in Python and returns the result.</doc>
<status status="NOT RUN" starttime="20230118 15:25:25.625" endtime="20230118 15:25:25.626"/>
</kw>
<kw name="Run Keyword And Return Status" library="BuiltIn">
<var>${isPresent}</var>
<arg>Element Should Be Visible</arg>
<arg>xpath://tr[${numTmp}]x</arg>
<doc>Runs the given keyword with given arguments and returns the status as a Boolean value.</doc>
<status status="NOT RUN" starttime="20230118 15:25:25.626" endtime="20230118 15:25:25.626"/>
</kw>
<status status="NOT RUN" starttime="20230118 15:25:25.624" endtime="20230118 15:25:25.626"/>
</iter>
<status status="NOT RUN" starttime="20230118 15:25:25.624" endtime="20230118 15:25:25.626"/>
</while>
<status status="FAIL" starttime="20230118 15:25:10.208" endtime="20230118 15:25:25.627"/>
</kw>
<kw name="Supprimer activite" library="Prerequis">
<arg>balade</arg>
<status status="NOT RUN" starttime="20230118 15:25:25.628" endtime="20230118 15:25:25.628"/>
</kw>
<kw name="Close Browser" library="Selenium2Library">
<doc>Closes the current browser.</doc>
<status status="NOT RUN" starttime="20230118 15:25:25.629" endtime="20230118 15:25:25.630"/>
</kw>
<kw name="Filtre Domaine Pedagogique SVT" library="FiltresDomainePedagogique">
<status status="NOT RUN" starttime="20230118 15:25:25.631" endtime="20230118 15:25:25.631"/>
</kw>
<kw name="Supprimer activite" library="Prerequis">
<arg>balade</arg>
<status status="NOT RUN" starttime="20230118 15:25:25.631" endtime="20230118 15:25:25.632"/>
</kw>
<kw name="Close Browser" library="Selenium2Library">
<doc>Closes the current browser.</doc>
<status status="NOT RUN" starttime="20230118 15:25:25.632" endtime="20230118 15:25:25.633"/>
</kw>
<kw name="Close Browser" library="Selenium2Library" type="TEARDOWN">
<doc>Closes the current browser.</doc>
<status status="PASS" starttime="20230118 15:25:25.634" endtime="20230118 15:25:27.919"/>
</kw>
<status status="FAIL" starttime="20230118 15:25:10.206" endtime="20230118 15:25:27.920">Element 'xpath://html/body/div[4]/ul/li[7]' not visible after 5 seconds.</status>
</test>
<status status="FAIL" starttime="20230118 15:25:08.209" endtime="20230118 15:25:27.923"/>
</suite>
<statistics>
<total>
<stat pass="0" fail="1" skip="0">All Tests</stat>
</total>
<tag>
</tag>
<suite>
<stat pass="0" fail="1" skip="0" id="s1" name="LancementTest">LancementTest</stat>
</suite>
</statistics>
<errors>
</errors>
</robot>
