<?xml version="1.0" encoding="UTF-8"?>
<robot generator="Robot 5.0.1 (Python 3.9.13 on win32)" generated="20230323 10:24:34.102" rpa="false" schemaversion="3">
<suite id="s1" name="LancementTest" source="c:\Users\simon\OneDrive\Bureau\Cours\VS_Code\SituLearn\SituLearn\Editor\LancementTest.robot">
<test id="s1-t1" name="Rendre Visible une Sortie Pédagogique" line="55">
<kw name="Rendre visible une sortie pedagogique" library="VisibiliteSortie">
<kw name="Masquer une sortie pedagogique" library="VisibiliteSortie">
<kw name="Creer chasse au trésor valide" library="CreerSortie">
<kw name="Connecter situlearnEditor" library="Prerequis">
<kw name="Connection situlearnEditor" library="CompteUtilisateur">
<arg>testsitulearn@gmail.com</arg>
<arg>TestSituLearn1234</arg>
<kw name="Open Firefox" library="FonctionPerso">
<kw name="Open Browser" library="Selenium2Library">
<arg>${PAGE}</arg>
<arg>${BROWSER}</arg>
<doc>Opens a new browser instance to the optional ``url``.</doc>
<msg timestamp="20230323 10:24:35.306" level="INFO">Opening browser 'Firefox' to base url 'https://situlearn-editor.univ-lemans.fr/login'.</msg>
<msg timestamp="20230323 10:24:35.316" level="INFO">Firefox driver log is always forced to to: C:\Users\simon\OneDrive\Bureau\Cours\VS_Code\SituLearn\geckodriver-63.log</msg>
<status status="PASS" starttime="20230323 10:24:35.305" endtime="20230323 10:24:41.985"/>
</kw>
<kw name="Maximize Browser Window" library="Selenium2Library">
<doc>Maximizes current browser window.</doc>
<status status="PASS" starttime="20230323 10:24:41.985" endtime="20230323 10:24:42.328"/>
</kw>
<status status="PASS" starttime="20230323 10:24:35.305" endtime="20230323 10:24:42.329"/>
</kw>
<kw name="Wait Until Page Contains Element" library="Selenium2Library">
<arg>xpath://div[contains(text(),"Veuillez vous connecter")]</arg>
<arg>35</arg>
<doc>Waits until the element ``locator`` appears on the current page.</doc>
<status status="PASS" starttime="20230323 10:24:42.330" endtime="20230323 10:24:45.472"/>
</kw>
<kw name="Input Text" library="Selenium2Library">
<arg>name:email</arg>
<arg>${MAIL}</arg>
<doc>Types the given ``text`` into the text field identified by ``locator``.</doc>
<msg timestamp="20230323 10:24:45.473" level="INFO">Typing text 'testsitulearn@gmail.com' into text field 'name:email'.</msg>
<status status="PASS" starttime="20230323 10:24:45.472" endtime="20230323 10:24:45.668"/>
</kw>
<kw name="Input Text" library="Selenium2Library">
<arg>name:password</arg>
<arg>${MDP}</arg>
<doc>Types the given ``text`` into the text field identified by ``locator``.</doc>
<msg timestamp="20230323 10:24:45.669" level="INFO">Typing text 'TestSituLearn1234' into text field 'name:password'.</msg>
<status status="PASS" starttime="20230323 10:24:45.668" endtime="20230323 10:24:45.717"/>
</kw>
<kw name="Click Button" library="Selenium2Library">
<arg>xpath://button[contains(text(),"Connexion")]</arg>
<doc>Clicks the button identified by ``locator``.</doc>
<msg timestamp="20230323 10:24:45.718" level="INFO">Clicking button 'xpath://button[contains(text(),"Connexion")]'.</msg>
<status status="PASS" starttime="20230323 10:24:45.718" endtime="20230323 10:24:46.028"/>
</kw>
<kw name="Wait Until Page Contains Element" library="Selenium2Library">
<arg>xpath://h1[contains(text(),"Gestion des sorties pédagogiques")]</arg>
<arg>10</arg>
<doc>Waits until the element ``locator`` appears on the current page.</doc>
<status status="PASS" starttime="20230323 10:24:46.029" endtime="20230323 10:24:46.140"/>
</kw>
<kw name="Sleep" library="BuiltIn">
<arg>2</arg>
<doc>Pauses the test executed for the given time.</doc>
<msg timestamp="20230323 10:24:48.150" level="INFO">Slept 2 seconds</msg>
<status status="PASS" starttime="20230323 10:24:46.141" endtime="20230323 10:24:48.151"/>
</kw>
<status status="PASS" starttime="20230323 10:24:35.304" endtime="20230323 10:24:48.151"/>
</kw>
<status status="PASS" starttime="20230323 10:24:35.304" endtime="20230323 10:24:48.151"/>
</kw>
<kw name="Click Button" library="Selenium2Library">
<arg>xpath://button[contains(text(),"Ajouter une sortie")]</arg>
<doc>Clicks the button identified by ``locator``.</doc>
<msg timestamp="20230323 10:24:48.152" level="INFO">Clicking button 'xpath://button[contains(text(),"Ajouter une sortie")]'.</msg>
<status status="PASS" starttime="20230323 10:24:48.152" endtime="20230323 10:24:48.599"/>
</kw>
<kw name="Input Text" library="Selenium2Library">
<arg>xpath://input[contains(@placeholder,"Nom de la sortie")]</arg>
<arg>chasse au trésor</arg>
<doc>Types the given ``text`` into the text field identified by ``locator``.</doc>
<msg timestamp="20230323 10:24:48.599" level="INFO">Typing text 'chasse au trésor' into text field 'xpath://input[contains(@placeholder,"Nom de la sortie")]'.</msg>
<status status="PASS" starttime="20230323 10:24:48.599" endtime="20230323 10:24:48.691"/>
</kw>
<kw name="Input Text" library="Selenium2Library">
<arg>xpath://textarea[contains(@placeholder,"Description")]</arg>
<arg>C'est une chasse au trésor</arg>
<doc>Types the given ``text`` into the text field identified by ``locator``.</doc>
<msg timestamp="20230323 10:24:48.694" level="INFO">Typing text 'C'est une chasse au trésor' into text field 'xpath://textarea[contains(@placeholder,"Description")]'.</msg>
<status status="PASS" starttime="20230323 10:24:48.692" endtime="20230323 10:24:48.813"/>
</kw>
<kw name="Click Button" library="Selenium2Library">
<arg>xpath://input[contains(@placeholder,"Domaine pédagogique")]</arg>
<doc>Clicks the button identified by ``locator``.</doc>
<msg timestamp="20230323 10:24:48.815" level="INFO">Clicking button 'xpath://input[contains(@placeholder,"Domaine pédagogique")]'.</msg>
<status status="PASS" starttime="20230323 10:24:48.814" endtime="20230323 10:24:49.230"/>
</kw>
<kw name="Wait Until Element Is Visible" library="Selenium2Library">
<arg>xpath://li[contains(text(),"Découverte")]</arg>
<arg>5</arg>
<doc>Waits until the element ``locator`` is visible.</doc>
<status status="PASS" starttime="20230323 10:24:49.231" endtime="20230323 10:24:49.332"/>
</kw>
<kw name="Click Element" library="Selenium2Library">
<arg>xpath://li[contains(text(),"Découverte")]</arg>
<doc>Click the element identified by ``locator``.</doc>
<msg timestamp="20230323 10:24:49.333" level="INFO">Clicking element 'xpath://li[contains(text(),"Découverte")]'.</msg>
<status status="PASS" starttime="20230323 10:24:49.333" endtime="20230323 10:24:49.583"/>
</kw>
<kw name="Click Button" library="Selenium2Library">
<arg>xpath://input[contains(@placeholder,"Type")]</arg>
<doc>Clicks the button identified by ``locator``.</doc>
<msg timestamp="20230323 10:24:49.584" level="INFO">Clicking button 'xpath://input[contains(@placeholder,"Type")]'.</msg>
<status status="PASS" starttime="20230323 10:24:49.583" endtime="20230323 10:24:49.820"/>
</kw>
<kw name="Wait Until Element Is Visible" library="Selenium2Library">
<arg>xpath://li[contains(text(),"Chasse au trésor")]</arg>
<arg>5</arg>
<doc>Waits until the element ``locator`` is visible.</doc>
<status status="PASS" starttime="20230323 10:24:49.821" endtime="20230323 10:24:49.849"/>
</kw>
<kw name="Click Element" library="Selenium2Library">
<arg>xpath://li[contains(text(),"Chasse au trésor")]</arg>
<doc>Click the element identified by ``locator``.</doc>
<msg timestamp="20230323 10:24:49.850" level="INFO">Clicking element 'xpath://li[contains(text(),"Chasse au trésor")]'.</msg>
<status status="PASS" starttime="20230323 10:24:49.849" endtime="20230323 10:24:50.102"/>
</kw>
<kw name="Click Button" library="Selenium2Library">
<arg>xpath://button[contains(text(),"Enregistrer")]</arg>
<doc>Clicks the button identified by ``locator``.</doc>
<msg timestamp="20230323 10:24:50.102" level="INFO">Clicking button 'xpath://button[contains(text(),"Enregistrer")]'.</msg>
<status status="PASS" starttime="20230323 10:24:50.102" endtime="20230323 10:24:50.397"/>
</kw>
<kw name="Sleep" library="BuiltIn">
<arg>2</arg>
<doc>Pauses the test executed for the given time.</doc>
<msg timestamp="20230323 10:24:52.399" level="INFO">Slept 2 seconds</msg>
<status status="PASS" starttime="20230323 10:24:50.397" endtime="20230323 10:24:52.400"/>
</kw>
<status status="PASS" starttime="20230323 10:24:35.304" endtime="20230323 10:24:52.400"/>
</kw>
<kw name="Get Element Attribute" library="Selenium2Library">
<var>${aria_checked_value}</var>
<arg>xpath://html/body/div[1]/div/div[2]/div[3]/div[1]/div[2]/div/div/div[2]/div[1]/div[2]/div/div/div[3]/div[2]/div[1]/div</arg>
<arg>aria-checked</arg>
<doc>Returns the value of ``attribute`` from the element ``locator``.</doc>
<msg timestamp="20230323 10:24:52.416" level="INFO">${aria_checked_value} = true</msg>
<status status="PASS" starttime="20230323 10:24:52.401" endtime="20230323 10:24:52.417"/>
</kw>
<kw name="Should Be Equal" library="BuiltIn">
<arg>${aria_checked_value}</arg>
<arg>true</arg>
<doc>Fails if the given objects are unequal.</doc>
<status status="PASS" starttime="20230323 10:24:52.417" endtime="20230323 10:24:52.418"/>
</kw>
<kw name="Wait Until Page Contains Element" library="Selenium2Library">
<arg>xpath://html/body/div[1]/div/div[2]/div[3]/div[1]/div[2]/div/div/div[2]/div[1]/div[2]/div/div/div[3]/div[2]/div[1]/div/span[1]</arg>
<arg>5</arg>
<doc>Waits until the element ``locator`` appears on the current page.</doc>
<status status="PASS" starttime="20230323 10:24:52.418" endtime="20230323 10:24:52.423"/>
</kw>
<kw name="Click Element" library="Selenium2Library">
<arg>xpath://html/body/div[1]/div/div[2]/div[3]/div[1]/div[2]/div/div/div[2]/div[1]/div[2]/div/div/div[3]/div[2]/div[1]/div/span[1]</arg>
<doc>Click the element identified by ``locator``.</doc>
<msg timestamp="20230323 10:24:52.424" level="INFO">Clicking element 'xpath://html/body/div[1]/div/div[2]/div[3]/div[1]/div[2]/div/div/div[2]/div[1]/div[2]/div/div/div[3]/div[2]/div[1]/div/span[1]'.</msg>
<status status="PASS" starttime="20230323 10:24:52.423" endtime="20230323 10:24:52.765"/>
</kw>
<kw name="Wait Until Page Contains Element" library="Selenium2Library">
<arg>xpath://button[contains(text(),"Enregistrer")]</arg>
<arg>5</arg>
<doc>Waits until the element ``locator`` appears on the current page.</doc>
<status status="PASS" starttime="20230323 10:24:52.766" endtime="20230323 10:24:52.770"/>
</kw>
<kw name="Click Element" library="Selenium2Library">
<arg>xpath://button[contains(text(),"Enregistrer")]</arg>
<doc>Click the element identified by ``locator``.</doc>
<msg timestamp="20230323 10:24:52.771" level="INFO">Clicking element 'xpath://button[contains(text(),"Enregistrer")]'.</msg>
<status status="PASS" starttime="20230323 10:24:52.770" endtime="20230323 10:24:53.122"/>
</kw>
<kw name="Get Element Attribute" library="Selenium2Library">
<var>${aria_checked_value}</var>
<arg>xpath://html/body/div[1]/div/div[2]/div[3]/div[1]/div[2]/div/div/div[2]/div[1]/div[2]/div/div/div[3]/div[2]/div[1]/div</arg>
<arg>aria-checked</arg>
<doc>Returns the value of ``attribute`` from the element ``locator``.</doc>
<msg timestamp="20230323 10:24:53.283" level="INFO">${aria_checked_value} = false</msg>
<status status="PASS" starttime="20230323 10:24:53.123" endtime="20230323 10:24:53.283"/>
</kw>
<kw name="Should Be Equal" library="BuiltIn">
<arg>${aria_checked_value}</arg>
<arg>false</arg>
<doc>Fails if the given objects are unequal.</doc>
<status status="PASS" starttime="20230323 10:24:53.283" endtime="20230323 10:24:53.284"/>
</kw>
<status status="PASS" starttime="20230323 10:24:35.303" endtime="20230323 10:24:53.284"/>
</kw>
<kw name="Get Element Attribute" library="Selenium2Library">
<var>${aria_checked_value}</var>
<arg>xpath://html/body/div[1]/div/div[2]/div[3]/div[1]/div[2]/div/div/div[2]/div[1]/div[2]/div/div/div[3]/div[2]/div[1]/div</arg>
<arg>aria-checked</arg>
<doc>Returns the value of ``attribute`` from the element ``locator``.</doc>
<msg timestamp="20230323 10:24:53.304" level="INFO">${aria_checked_value} = false</msg>
<status status="PASS" starttime="20230323 10:24:53.284" endtime="20230323 10:24:53.304"/>
</kw>
<kw name="Should Be Equal" library="BuiltIn">
<arg>${aria_checked_value}</arg>
<arg>false</arg>
<doc>Fails if the given objects are unequal.</doc>
<status status="PASS" starttime="20230323 10:24:53.304" endtime="20230323 10:24:53.305"/>
</kw>
<kw name="Wait Until Page Contains Element" library="Selenium2Library">
<arg>xpath://html/body/div[1]/div/div[2]/div[3]/div[1]/div[2]/div/div/div[2]/div[1]/div[2]/div/div/div[3]/div[2]/div[1]/div/span[1]</arg>
<arg>5</arg>
<doc>Waits until the element ``locator`` appears on the current page.</doc>
<status status="PASS" starttime="20230323 10:24:53.305" endtime="20230323 10:24:53.309"/>
</kw>
<kw name="Click Element" library="Selenium2Library">
<arg>xpath://html/body/div[1]/div/div[2]/div[3]/div[1]/div[2]/div/div/div[2]/div[1]/div[2]/div/div/div[3]/div[2]/div[1]/div/span[1]</arg>
<doc>Click the element identified by ``locator``.</doc>
<msg timestamp="20230323 10:24:53.311" level="INFO">Clicking element 'xpath://html/body/div[1]/div/div[2]/div[3]/div[1]/div[2]/div/div/div[2]/div[1]/div[2]/div/div/div[3]/div[2]/div[1]/div/span[1]'.</msg>
<status status="PASS" starttime="20230323 10:24:53.310" endtime="20230323 10:24:53.645"/>
</kw>
<kw name="Wait Until Page Contains Element" library="Selenium2Library">
<arg>xpath://button[contains(text(),"Enregistrer")]</arg>
<arg>5</arg>
<doc>Waits until the element ``locator`` appears on the current page.</doc>
<status status="PASS" starttime="20230323 10:24:53.646" endtime="20230323 10:24:53.651"/>
</kw>
<kw name="Click Element" library="Selenium2Library">
<arg>xpath://button[contains(text(),"Enregistrer")]</arg>
<doc>Click the element identified by ``locator``.</doc>
<msg timestamp="20230323 10:24:53.652" level="INFO">Clicking element 'xpath://button[contains(text(),"Enregistrer")]'.</msg>
<status status="PASS" starttime="20230323 10:24:53.651" endtime="20230323 10:24:53.989"/>
</kw>
<kw name="Get Element Attribute" library="Selenium2Library">
<var>${aria_checked_value}</var>
<arg>xpath://html/body/div[1]/div/div[2]/div[3]/div[1]/div[2]/div/div/div[2]/div[1]/div[2]/div/div/div[3]/div[2]/div[1]/div</arg>
<arg>aria-checked</arg>
<doc>Returns the value of ``attribute`` from the element ``locator``.</doc>
<msg timestamp="20230323 10:24:54.168" level="INFO">${aria_checked_value} = true</msg>
<status status="PASS" starttime="20230323 10:24:53.989" endtime="20230323 10:24:54.169"/>
</kw>
<kw name="Should Be Equal" library="BuiltIn">
<arg>${aria_checked_value}</arg>
<arg>true</arg>
<doc>Fails if the given objects are unequal.</doc>
<status status="PASS" starttime="20230323 10:24:54.169" endtime="20230323 10:24:54.169"/>
</kw>
<status status="PASS" starttime="20230323 10:24:35.303" endtime="20230323 10:24:54.170"/>
</kw>
<status status="PASS" starttime="20230323 10:24:35.301" endtime="20230323 10:24:54.170"/>
</test>
<status status="PASS" starttime="20230323 10:24:34.120" endtime="20230323 10:24:54.173"/>
</suite>
<statistics>
<total>
<stat pass="1" fail="0" skip="0">All Tests</stat>
</total>
<tag>
</tag>
<suite>
<stat pass="1" fail="0" skip="0" id="s1" name="LancementTest">LancementTest</stat>
</suite>
</statistics>
<errors>
</errors>
</robot>
