<?xml version="1.0" encoding="UTF-8"?>
<robot generator="Robot 5.0.1 (Python 3.9.13 on win32)" generated="20230119 14:55:39.599" rpa="false" schemaversion="3">
<suite id="s1" name="LancementTest" source="c:\Users\simon\OneDrive\Bureau\Cours\VS_Code\SituLearn\SituLearn\Editor\LancementTest.robot">
<test id="s1-t1" name="Tout Supprimer" line="11">
<kw name="Connecter situlearnEditor" library="Prerequis">
<kw name="Connection situlearnEditor" library="CompteUtilisateur">
<arg>testsitulearn@gmail.com</arg>
<arg>TestSituLearn1234</arg>
<kw name="Open Browser" library="Selenium2Library">
<arg>${PAGE}</arg>
<arg>${BROWSER}</arg>
<doc>Opens a new browser instance to the optional ``url``.</doc>
<msg timestamp="20230119 14:55:41.181" level="INFO">Opening browser 'Firefox' to base url 'https://situlearn-editor.univ-lemans.fr/login'.</msg>
<msg timestamp="20230119 14:55:41.213" level="INFO">Firefox driver log is always forced to to: C:\Users\simon\OneDrive\Bureau\Cours\VS_Code\SituLearn\geckodriver-200.log</msg>
<status status="PASS" starttime="20230119 14:55:41.178" endtime="20230119 14:55:51.733"/>
</kw>
<kw name="Maximize Browser Window" library="Selenium2Library">
<doc>Maximizes current browser window.</doc>
<status status="PASS" starttime="20230119 14:55:51.735" endtime="20230119 14:55:52.023"/>
</kw>
<kw name="Wait Until Page Contains Element" library="Selenium2Library">
<arg>xpath://div[contains(text(),"Veuillez vous connecter")]</arg>
<arg>35</arg>
<doc>Waits until the element ``locator`` appears on the current page.</doc>
<status status="PASS" starttime="20230119 14:55:52.025" endtime="20230119 14:56:00.658"/>
</kw>
<kw name="Input Text" library="Selenium2Library">
<arg>name:email</arg>
<arg>${MAIL}</arg>
<doc>Types the given ``text`` into the text field identified by ``locator``.</doc>
<msg timestamp="20230119 14:56:00.663" level="INFO">Typing text 'testsitulearn@gmail.com' into text field 'name:email'.</msg>
<status status="PASS" starttime="20230119 14:56:00.660" endtime="20230119 14:56:01.224"/>
</kw>
<kw name="Input Text" library="Selenium2Library">
<arg>name:password</arg>
<arg>${MDP}</arg>
<doc>Types the given ``text`` into the text field identified by ``locator``.</doc>
<msg timestamp="20230119 14:56:01.228" level="INFO">Typing text 'TestSituLearn1234' into text field 'name:password'.</msg>
<status status="PASS" starttime="20230119 14:56:01.226" endtime="20230119 14:56:01.384"/>
</kw>
<kw name="Click Button" library="Selenium2Library">
<arg>xpath://button[contains(text(),"Connexion")]</arg>
<doc>Clicks the button identified by ``locator``.</doc>
<msg timestamp="20230119 14:56:01.387" level="INFO">Clicking button 'xpath://button[contains(text(),"Connexion")]'.</msg>
<status status="PASS" starttime="20230119 14:56:01.385" endtime="20230119 14:56:01.883"/>
</kw>
<kw name="Wait Until Page Contains Element" library="Selenium2Library">
<arg>xpath://h1[contains(text(),"Gestion des sorties pédagogiques")]</arg>
<arg>10</arg>
<doc>Waits until the element ``locator`` appears on the current page.</doc>
<status status="PASS" starttime="20230119 14:56:01.884" endtime="20230119 14:56:02.180"/>
</kw>
<kw name="Sleep" library="BuiltIn">
<arg>2</arg>
<doc>Pauses the test executed for the given time.</doc>
<msg timestamp="20230119 14:56:04.189" level="INFO">Slept 2 seconds</msg>
<status status="PASS" starttime="20230119 14:56:02.181" endtime="20230119 14:56:04.191"/>
</kw>
<status status="PASS" starttime="20230119 14:55:41.175" endtime="20230119 14:56:04.193"/>
</kw>
<status status="PASS" starttime="20230119 14:55:41.173" endtime="20230119 14:56:04.196"/>
</kw>
<kw name="Supprimer toutes les activites" library="Prerequis">
<kw name="Redirection page d'acceuil" library="Prerequis">
<kw name="Click Element" library="Selenium2Library">
<arg>xpath://html/body/div[1]/div/div[2]/div[2]/div[2]/div[1]/div[1]/div/li/a/i</arg>
<doc>Click the element identified by ``locator``.</doc>
<msg timestamp="20230119 14:56:04.206" level="INFO">Clicking element 'xpath://html/body/div[1]/div/div[2]/div[2]/div[2]/div[1]/div[1]/div/li/a/i'.</msg>
<status status="PASS" starttime="20230119 14:56:04.201" endtime="20230119 14:56:05.030"/>
</kw>
<kw name="Sleep" library="BuiltIn">
<arg>1</arg>
<doc>Pauses the test executed for the given time.</doc>
<msg timestamp="20230119 14:56:06.033" level="INFO">Slept 1 second</msg>
<status status="PASS" starttime="20230119 14:56:05.031" endtime="20230119 14:56:06.035"/>
</kw>
<kw name="Click Element" library="Selenium2Library">
<arg>xpath://html/body/div[1]/div/div[2]/div[2]/div[2]/div[1]/div[1]/div/li/a/i</arg>
<doc>Click the element identified by ``locator``.</doc>
<msg timestamp="20230119 14:56:06.037" level="INFO">Clicking element 'xpath://html/body/div[1]/div/div[2]/div[2]/div[2]/div[1]/div[1]/div/li/a/i'.</msg>
<status status="PASS" starttime="20230119 14:56:06.036" endtime="20230119 14:56:06.337"/>
</kw>
<kw name="Sleep" library="BuiltIn">
<arg>1</arg>
<doc>Pauses the test executed for the given time.</doc>
<msg timestamp="20230119 14:56:07.344" level="INFO">Slept 1 second</msg>
<status status="PASS" starttime="20230119 14:56:06.338" endtime="20230119 14:56:07.345"/>
</kw>
<kw name="Wait Until Page Contains Element" library="Selenium2Library">
<arg>xpath://th[contains(text(),"Nom de la sortie")]</arg>
<arg>20</arg>
<doc>Waits until the element ``locator`` appears on the current page.</doc>
<status status="PASS" starttime="20230119 14:56:07.346" endtime="20230119 14:56:07.357"/>
</kw>
<kw name="Sleep" library="BuiltIn">
<arg>2</arg>
<doc>Pauses the test executed for the given time.</doc>
<msg timestamp="20230119 14:56:09.368" level="INFO">Slept 2 seconds</msg>
<status status="PASS" starttime="20230119 14:56:07.358" endtime="20230119 14:56:09.370"/>
</kw>
<status status="PASS" starttime="20230119 14:56:04.200" endtime="20230119 14:56:09.372"/>
</kw>
<kw name="Run Keyword And Return Status" library="BuiltIn">
<var>${isPresent}</var>
<arg>Element Should Be Visible</arg>
<arg>xpath://button[@class='show-more btn btn-primary ']</arg>
<doc>Runs the given keyword with given arguments and returns the status as a Boolean value.</doc>
<kw name="Element Should Be Visible" library="Selenium2Library">
<arg>xpath://button[@class='show-more btn btn-primary ']</arg>
<doc>Verifies that the element identified by ``locator`` is visible.</doc>
<msg timestamp="20230119 14:56:09.419" level="INFO">Element 'xpath://button[@class='show-more btn btn-primary ']' is displayed.</msg>
<status status="PASS" starttime="20230119 14:56:09.375" endtime="20230119 14:56:09.420"/>
</kw>
<msg timestamp="20230119 14:56:09.421" level="INFO">${isPresent} = True</msg>
<status status="PASS" starttime="20230119 14:56:09.374" endtime="20230119 14:56:09.421"/>
</kw>
<while condition="${isPresent}">
<iter>
<kw name="Click Button" library="Selenium2Library">
<arg>xpath://button[@class='show-more btn btn-primary ']</arg>
<doc>Clicks the button identified by ``locator``.</doc>
<msg timestamp="20230119 14:56:09.423" level="INFO">Clicking button 'xpath://button[@class='show-more btn btn-primary ']'.</msg>
<status status="PASS" starttime="20230119 14:56:09.422" endtime="20230119 14:56:10.057"/>
</kw>
<kw name="Sleep" library="BuiltIn">
<arg>1s</arg>
<doc>Pauses the test executed for the given time.</doc>
<msg timestamp="20230119 14:56:11.063" level="INFO">Slept 1 second</msg>
<status status="PASS" starttime="20230119 14:56:10.058" endtime="20230119 14:56:11.064"/>
</kw>
<kw name="Run Keyword And Return Status" library="BuiltIn">
<var>${isPresent}</var>
<arg>Element Should Be Visible</arg>
<arg>xpath://button[@class='show-more btn btn-primary ']</arg>
<doc>Runs the given keyword with given arguments and returns the status as a Boolean value.</doc>
<kw name="Element Should Be Visible" library="Selenium2Library">
<arg>xpath://button[@class='show-more btn btn-primary ']</arg>
<doc>Verifies that the element identified by ``locator`` is visible.</doc>
<msg timestamp="20230119 14:56:11.104" level="INFO">Element 'xpath://button[@class='show-more btn btn-primary ']' is displayed.</msg>
<status status="PASS" starttime="20230119 14:56:11.067" endtime="20230119 14:56:11.105"/>
</kw>
<msg timestamp="20230119 14:56:11.105" level="INFO">${isPresent} = True</msg>
<status status="PASS" starttime="20230119 14:56:11.065" endtime="20230119 14:56:11.105"/>
</kw>
<status status="PASS" starttime="20230119 14:56:09.422" endtime="20230119 14:56:11.106"/>
</iter>
<iter>
<kw name="Click Button" library="Selenium2Library">
<arg>xpath://button[@class='show-more btn btn-primary ']</arg>
<doc>Clicks the button identified by ``locator``.</doc>
<msg timestamp="20230119 14:56:11.107" level="INFO">Clicking button 'xpath://button[@class='show-more btn btn-primary ']'.</msg>
<status status="PASS" starttime="20230119 14:56:11.106" endtime="20230119 14:56:11.844"/>
</kw>
<kw name="Sleep" library="BuiltIn">
<arg>1s</arg>
<doc>Pauses the test executed for the given time.</doc>
<msg timestamp="20230119 14:56:12.853" level="INFO">Slept 1 second</msg>
<status status="PASS" starttime="20230119 14:56:11.845" endtime="20230119 14:56:12.856"/>
</kw>
<kw name="Run Keyword And Return Status" library="BuiltIn">
<var>${isPresent}</var>
<arg>Element Should Be Visible</arg>
<arg>xpath://button[@class='show-more btn btn-primary ']</arg>
<doc>Runs the given keyword with given arguments and returns the status as a Boolean value.</doc>
<kw name="Element Should Be Visible" library="Selenium2Library">
<arg>xpath://button[@class='show-more btn btn-primary ']</arg>
<doc>Verifies that the element identified by ``locator`` is visible.</doc>
<msg timestamp="20230119 14:56:15.038" level="INFO" html="true">&lt;/td&gt;&lt;/tr&gt;&lt;tr&gt;&lt;td colspan="3"&gt;&lt;a href="selenium-screenshot-360.png"&gt;&lt;img src="selenium-screenshot-360.png" width="800px"&gt;&lt;/a&gt;</msg>
<msg timestamp="20230119 14:56:15.041" level="FAIL">Element with locator 'xpath://button[@class='show-more btn btn-primary ']' not found.</msg>
<status status="FAIL" starttime="20230119 14:56:12.861" endtime="20230119 14:56:15.047"/>
</kw>
<msg timestamp="20230119 14:56:15.049" level="INFO">${isPresent} = False</msg>
<status status="PASS" starttime="20230119 14:56:12.858" endtime="20230119 14:56:15.049"/>
</kw>
<status status="PASS" starttime="20230119 14:56:11.106" endtime="20230119 14:56:15.049"/>
</iter>
<status status="PASS" starttime="20230119 14:56:09.421" endtime="20230119 14:56:15.050"/>
</while>
<kw name="Run Keyword And Return Status" library="BuiltIn">
<var>${isPresent}</var>
<arg>Element Should Be Visible</arg>
<arg>xpath://tr[1]/td[7]/div/div[5]/button/i[contains(@class,"fas fa-trash")]</arg>
<doc>Runs the given keyword with given arguments and returns the status as a Boolean value.</doc>
<kw name="Element Should Be Visible" library="Selenium2Library">
<arg>xpath://tr[1]/td[7]/div/div[5]/button/i[contains(@class,"fas fa-trash")]</arg>
<doc>Verifies that the element identified by ``locator`` is visible.</doc>
<msg timestamp="20230119 14:56:17.135" level="INFO">Element 'xpath://tr[1]/td[7]/div/div[5]/button/i[contains(@class,"fas fa-trash")]' is displayed.</msg>
<status status="PASS" starttime="20230119 14:56:15.056" endtime="20230119 14:56:17.136"/>
</kw>
<msg timestamp="20230119 14:56:17.137" level="INFO">${isPresent} = True</msg>
<status status="PASS" starttime="20230119 14:56:15.053" endtime="20230119 14:56:17.137"/>
</kw>
<while condition="${isPresent}">
<iter>
<kw name="Click Element" library="Selenium2Library">
<arg>xpath://tr[1]/td[7]/div/div[5]/button/i[contains(@class,"fas fa-trash")]</arg>
<doc>Click the element identified by ``locator``.</doc>
<msg timestamp="20230119 14:56:17.140" level="INFO">Clicking element 'xpath://tr[1]/td[7]/div/div[5]/button/i[contains(@class,"fas fa-trash")]'.</msg>
<status status="PASS" starttime="20230119 14:56:17.139" endtime="20230119 14:56:19.638"/>
</kw>
<kw name="Wait Until Element Is Visible" library="Selenium2Library">
<arg>xpath://button[contains(text(),"Oui")]</arg>
<doc>Waits until the element ``locator`` is visible.</doc>
<status status="PASS" starttime="20230119 14:56:19.638" endtime="20230119 14:56:19.671"/>
</kw>
<kw name="Click Button" library="Selenium2Library">
<arg>xpath://button[contains(text(),"Oui")]</arg>
<doc>Clicks the button identified by ``locator``.</doc>
<msg timestamp="20230119 14:56:19.673" level="INFO">Clicking button 'xpath://button[contains(text(),"Oui")]'.</msg>
<status status="PASS" starttime="20230119 14:56:19.672" endtime="20230119 14:56:20.092"/>
</kw>
<kw name="Sleep" library="BuiltIn">
<arg>1s</arg>
<doc>Pauses the test executed for the given time.</doc>
<msg timestamp="20230119 14:56:21.097" level="INFO">Slept 1 second</msg>
<status status="PASS" starttime="20230119 14:56:20.093" endtime="20230119 14:56:21.098"/>
</kw>
<kw name="Run Keyword And Return Status" library="BuiltIn">
<var>${isPresent}</var>
<arg>Element Should Be Visible</arg>
<arg>xpath://tr[1]/td[7]/div/div[5]/button/i[contains(@class,"fas fa-trash")]</arg>
<doc>Runs the given keyword with given arguments and returns the status as a Boolean value.</doc>
<kw name="Element Should Be Visible" library="Selenium2Library">
<arg>xpath://tr[1]/td[7]/div/div[5]/button/i[contains(@class,"fas fa-trash")]</arg>
<doc>Verifies that the element identified by ``locator`` is visible.</doc>
<msg timestamp="20230119 14:56:21.132" level="INFO">Element 'xpath://tr[1]/td[7]/div/div[5]/button/i[contains(@class,"fas fa-trash")]' is displayed.</msg>
<status status="PASS" starttime="20230119 14:56:21.100" endtime="20230119 14:56:21.132"/>
</kw>
<msg timestamp="20230119 14:56:21.133" level="INFO">${isPresent} = True</msg>
<status status="PASS" starttime="20230119 14:56:21.099" endtime="20230119 14:56:21.133"/>
</kw>
<status status="PASS" starttime="20230119 14:56:17.139" endtime="20230119 14:56:21.133"/>
</iter>
<iter>
<kw name="Click Element" library="Selenium2Library">
<arg>xpath://tr[1]/td[7]/div/div[5]/button/i[contains(@class,"fas fa-trash")]</arg>
<doc>Click the element identified by ``locator``.</doc>
<msg timestamp="20230119 14:56:21.135" level="INFO">Clicking element 'xpath://tr[1]/td[7]/div/div[5]/button/i[contains(@class,"fas fa-trash")]'.</msg>
<status status="PASS" starttime="20230119 14:56:21.134" endtime="20230119 14:56:21.463"/>
</kw>
<kw name="Wait Until Element Is Visible" library="Selenium2Library">
<arg>xpath://button[contains(text(),"Oui")]</arg>
<doc>Waits until the element ``locator`` is visible.</doc>
<status status="PASS" starttime="20230119 14:56:21.463" endtime="20230119 14:56:21.494"/>
</kw>
<kw name="Click Button" library="Selenium2Library">
<arg>xpath://button[contains(text(),"Oui")]</arg>
<doc>Clicks the button identified by ``locator``.</doc>
<msg timestamp="20230119 14:56:21.495" level="INFO">Clicking button 'xpath://button[contains(text(),"Oui")]'.</msg>
<status status="PASS" starttime="20230119 14:56:21.495" endtime="20230119 14:56:21.844"/>
</kw>
<kw name="Sleep" library="BuiltIn">
<arg>1s</arg>
<doc>Pauses the test executed for the given time.</doc>
<msg timestamp="20230119 14:56:22.859" level="INFO">Slept 1 second</msg>
<status status="PASS" starttime="20230119 14:56:21.845" endtime="20230119 14:56:22.860"/>
</kw>
<kw name="Run Keyword And Return Status" library="BuiltIn">
<var>${isPresent}</var>
<arg>Element Should Be Visible</arg>
<arg>xpath://tr[1]/td[7]/div/div[5]/button/i[contains(@class,"fas fa-trash")]</arg>
<doc>Runs the given keyword with given arguments and returns the status as a Boolean value.</doc>
<kw name="Element Should Be Visible" library="Selenium2Library">
<arg>xpath://tr[1]/td[7]/div/div[5]/button/i[contains(@class,"fas fa-trash")]</arg>
<doc>Verifies that the element identified by ``locator`` is visible.</doc>
<msg timestamp="20230119 14:56:22.901" level="INFO">Element 'xpath://tr[1]/td[7]/div/div[5]/button/i[contains(@class,"fas fa-trash")]' is displayed.</msg>
<status status="PASS" starttime="20230119 14:56:22.861" endtime="20230119 14:56:22.902"/>
</kw>
<msg timestamp="20230119 14:56:22.904" level="INFO">${isPresent} = True</msg>
<status status="PASS" starttime="20230119 14:56:22.860" endtime="20230119 14:56:22.904"/>
</kw>
<status status="PASS" starttime="20230119 14:56:21.134" endtime="20230119 14:56:22.905"/>
</iter>
<iter>
<kw name="Click Element" library="Selenium2Library">
<arg>xpath://tr[1]/td[7]/div/div[5]/button/i[contains(@class,"fas fa-trash")]</arg>
<doc>Click the element identified by ``locator``.</doc>
<msg timestamp="20230119 14:56:22.907" level="INFO">Clicking element 'xpath://tr[1]/td[7]/div/div[5]/button/i[contains(@class,"fas fa-trash")]'.</msg>
<status status="PASS" starttime="20230119 14:56:22.906" endtime="20230119 14:56:23.210"/>
</kw>
<kw name="Wait Until Element Is Visible" library="Selenium2Library">
<arg>xpath://button[contains(text(),"Oui")]</arg>
<doc>Waits until the element ``locator`` is visible.</doc>
<status status="PASS" starttime="20230119 14:56:23.210" endtime="20230119 14:56:23.231"/>
</kw>
<kw name="Click Button" library="Selenium2Library">
<arg>xpath://button[contains(text(),"Oui")]</arg>
<doc>Clicks the button identified by ``locator``.</doc>
<msg timestamp="20230119 14:56:23.232" level="INFO">Clicking button 'xpath://button[contains(text(),"Oui")]'.</msg>
<status status="PASS" starttime="20230119 14:56:23.232" endtime="20230119 14:56:23.574"/>
</kw>
<kw name="Sleep" library="BuiltIn">
<arg>1s</arg>
<doc>Pauses the test executed for the given time.</doc>
<msg timestamp="20230119 14:56:24.587" level="INFO">Slept 1 second</msg>
<status status="PASS" starttime="20230119 14:56:23.576" endtime="20230119 14:56:24.589"/>
</kw>
<kw name="Run Keyword And Return Status" library="BuiltIn">
<var>${isPresent}</var>
<arg>Element Should Be Visible</arg>
<arg>xpath://tr[1]/td[7]/div/div[5]/button/i[contains(@class,"fas fa-trash")]</arg>
<doc>Runs the given keyword with given arguments and returns the status as a Boolean value.</doc>
<kw name="Element Should Be Visible" library="Selenium2Library">
<arg>xpath://tr[1]/td[7]/div/div[5]/button/i[contains(@class,"fas fa-trash")]</arg>
<doc>Verifies that the element identified by ``locator`` is visible.</doc>
<msg timestamp="20230119 14:56:24.676" level="INFO">Element 'xpath://tr[1]/td[7]/div/div[5]/button/i[contains(@class,"fas fa-trash")]' is displayed.</msg>
<status status="PASS" starttime="20230119 14:56:24.592" endtime="20230119 14:56:24.676"/>
</kw>
<msg timestamp="20230119 14:56:24.677" level="INFO">${isPresent} = True</msg>
<status status="PASS" starttime="20230119 14:56:24.591" endtime="20230119 14:56:24.678"/>
</kw>
<status status="PASS" starttime="20230119 14:56:22.906" endtime="20230119 14:56:24.678"/>
</iter>
<iter>
<kw name="Click Element" library="Selenium2Library">
<arg>xpath://tr[1]/td[7]/div/div[5]/button/i[contains(@class,"fas fa-trash")]</arg>
<doc>Click the element identified by ``locator``.</doc>
<msg timestamp="20230119 14:56:24.682" level="INFO">Clicking element 'xpath://tr[1]/td[7]/div/div[5]/button/i[contains(@class,"fas fa-trash")]'.</msg>
<status status="PASS" starttime="20230119 14:56:24.680" endtime="20230119 14:56:25.032"/>
</kw>
<kw name="Wait Until Element Is Visible" library="Selenium2Library">
<arg>xpath://button[contains(text(),"Oui")]</arg>
<doc>Waits until the element ``locator`` is visible.</doc>
<status status="PASS" starttime="20230119 14:56:25.032" endtime="20230119 14:56:25.067"/>
</kw>
<kw name="Click Button" library="Selenium2Library">
<arg>xpath://button[contains(text(),"Oui")]</arg>
<doc>Clicks the button identified by ``locator``.</doc>
<msg timestamp="20230119 14:56:25.071" level="INFO">Clicking button 'xpath://button[contains(text(),"Oui")]'.</msg>
<status status="PASS" starttime="20230119 14:56:25.069" endtime="20230119 14:56:25.442"/>
</kw>
<kw name="Sleep" library="BuiltIn">
<arg>1s</arg>
<doc>Pauses the test executed for the given time.</doc>
<msg timestamp="20230119 14:56:26.454" level="INFO">Slept 1 second</msg>
<status status="PASS" starttime="20230119 14:56:25.443" endtime="20230119 14:56:26.455"/>
</kw>
<kw name="Run Keyword And Return Status" library="BuiltIn">
<var>${isPresent}</var>
<arg>Element Should Be Visible</arg>
<arg>xpath://tr[1]/td[7]/div/div[5]/button/i[contains(@class,"fas fa-trash")]</arg>
<doc>Runs the given keyword with given arguments and returns the status as a Boolean value.</doc>
<kw name="Element Should Be Visible" library="Selenium2Library">
<arg>xpath://tr[1]/td[7]/div/div[5]/button/i[contains(@class,"fas fa-trash")]</arg>
<doc>Verifies that the element identified by ``locator`` is visible.</doc>
<msg timestamp="20230119 14:56:26.495" level="INFO">Element 'xpath://tr[1]/td[7]/div/div[5]/button/i[contains(@class,"fas fa-trash")]' is displayed.</msg>
<status status="PASS" starttime="20230119 14:56:26.460" endtime="20230119 14:56:26.495"/>
</kw>
<msg timestamp="20230119 14:56:26.496" level="INFO">${isPresent} = True</msg>
<status status="PASS" starttime="20230119 14:56:26.458" endtime="20230119 14:56:26.496"/>
</kw>
<status status="PASS" starttime="20230119 14:56:24.679" endtime="20230119 14:56:26.496"/>
</iter>
<iter>
<kw name="Click Element" library="Selenium2Library">
<arg>xpath://tr[1]/td[7]/div/div[5]/button/i[contains(@class,"fas fa-trash")]</arg>
<doc>Click the element identified by ``locator``.</doc>
<msg timestamp="20230119 14:56:26.498" level="INFO">Clicking element 'xpath://tr[1]/td[7]/div/div[5]/button/i[contains(@class,"fas fa-trash")]'.</msg>
<status status="PASS" starttime="20230119 14:56:26.497" endtime="20230119 14:56:26.821"/>
</kw>
<kw name="Wait Until Element Is Visible" library="Selenium2Library">
<arg>xpath://button[contains(text(),"Oui")]</arg>
<doc>Waits until the element ``locator`` is visible.</doc>
<status status="PASS" starttime="20230119 14:56:26.821" endtime="20230119 14:56:26.850"/>
</kw>
<kw name="Click Button" library="Selenium2Library">
<arg>xpath://button[contains(text(),"Oui")]</arg>
<doc>Clicks the button identified by ``locator``.</doc>
<msg timestamp="20230119 14:56:26.854" level="INFO">Clicking button 'xpath://button[contains(text(),"Oui")]'.</msg>
<status status="PASS" starttime="20230119 14:56:26.852" endtime="20230119 14:56:27.247"/>
</kw>
<kw name="Sleep" library="BuiltIn">
<arg>1s</arg>
<doc>Pauses the test executed for the given time.</doc>
<msg timestamp="20230119 14:56:28.256" level="INFO">Slept 1 second</msg>
<status status="PASS" starttime="20230119 14:56:27.248" endtime="20230119 14:56:28.258"/>
</kw>
<kw name="Run Keyword And Return Status" library="BuiltIn">
<var>${isPresent}</var>
<arg>Element Should Be Visible</arg>
<arg>xpath://tr[1]/td[7]/div/div[5]/button/i[contains(@class,"fas fa-trash")]</arg>
<doc>Runs the given keyword with given arguments and returns the status as a Boolean value.</doc>
<kw name="Element Should Be Visible" library="Selenium2Library">
<arg>xpath://tr[1]/td[7]/div/div[5]/button/i[contains(@class,"fas fa-trash")]</arg>
<doc>Verifies that the element identified by ``locator`` is visible.</doc>
<msg timestamp="20230119 14:56:28.297" level="INFO">Element 'xpath://tr[1]/td[7]/div/div[5]/button/i[contains(@class,"fas fa-trash")]' is displayed.</msg>
<status status="PASS" starttime="20230119 14:56:28.262" endtime="20230119 14:56:28.297"/>
</kw>
<msg timestamp="20230119 14:56:28.298" level="INFO">${isPresent} = True</msg>
<status status="PASS" starttime="20230119 14:56:28.260" endtime="20230119 14:56:28.298"/>
</kw>
<status status="PASS" starttime="20230119 14:56:26.497" endtime="20230119 14:56:28.298"/>
</iter>
<iter>
<kw name="Click Element" library="Selenium2Library">
<arg>xpath://tr[1]/td[7]/div/div[5]/button/i[contains(@class,"fas fa-trash")]</arg>
<doc>Click the element identified by ``locator``.</doc>
<msg timestamp="20230119 14:56:28.299" level="INFO">Clicking element 'xpath://tr[1]/td[7]/div/div[5]/button/i[contains(@class,"fas fa-trash")]'.</msg>
<status status="PASS" starttime="20230119 14:56:28.299" endtime="20230119 14:56:28.626"/>
</kw>
<kw name="Wait Until Element Is Visible" library="Selenium2Library">
<arg>xpath://button[contains(text(),"Oui")]</arg>
<doc>Waits until the element ``locator`` is visible.</doc>
<status status="PASS" starttime="20230119 14:56:28.627" endtime="20230119 14:56:28.662"/>
</kw>
<kw name="Click Button" library="Selenium2Library">
<arg>xpath://button[contains(text(),"Oui")]</arg>
<doc>Clicks the button identified by ``locator``.</doc>
<msg timestamp="20230119 14:56:28.664" level="INFO">Clicking button 'xpath://button[contains(text(),"Oui")]'.</msg>
<status status="PASS" starttime="20230119 14:56:28.663" endtime="20230119 14:56:29.073"/>
</kw>
<kw name="Sleep" library="BuiltIn">
<arg>1s</arg>
<doc>Pauses the test executed for the given time.</doc>
<msg timestamp="20230119 14:56:30.081" level="INFO">Slept 1 second</msg>
<status status="PASS" starttime="20230119 14:56:29.074" endtime="20230119 14:56:30.082"/>
</kw>
<kw name="Run Keyword And Return Status" library="BuiltIn">
<var>${isPresent}</var>
<arg>Element Should Be Visible</arg>
<arg>xpath://tr[1]/td[7]/div/div[5]/button/i[contains(@class,"fas fa-trash")]</arg>
<doc>Runs the given keyword with given arguments and returns the status as a Boolean value.</doc>
<kw name="Element Should Be Visible" library="Selenium2Library">
<arg>xpath://tr[1]/td[7]/div/div[5]/button/i[contains(@class,"fas fa-trash")]</arg>
<doc>Verifies that the element identified by ``locator`` is visible.</doc>
<msg timestamp="20230119 14:56:30.123" level="INFO">Element 'xpath://tr[1]/td[7]/div/div[5]/button/i[contains(@class,"fas fa-trash")]' is displayed.</msg>
<status status="PASS" starttime="20230119 14:56:30.086" endtime="20230119 14:56:30.123"/>
</kw>
<msg timestamp="20230119 14:56:30.124" level="INFO">${isPresent} = True</msg>
<status status="PASS" starttime="20230119 14:56:30.084" endtime="20230119 14:56:30.124"/>
</kw>
<status status="PASS" starttime="20230119 14:56:28.299" endtime="20230119 14:56:30.124"/>
</iter>
<iter>
<kw name="Click Element" library="Selenium2Library">
<arg>xpath://tr[1]/td[7]/div/div[5]/button/i[contains(@class,"fas fa-trash")]</arg>
<doc>Click the element identified by ``locator``.</doc>
<msg timestamp="20230119 14:56:30.126" level="INFO">Clicking element 'xpath://tr[1]/td[7]/div/div[5]/button/i[contains(@class,"fas fa-trash")]'.</msg>
<status status="PASS" starttime="20230119 14:56:30.126" endtime="20230119 14:56:30.448"/>
</kw>
<kw name="Wait Until Element Is Visible" library="Selenium2Library">
<arg>xpath://button[contains(text(),"Oui")]</arg>
<doc>Waits until the element ``locator`` is visible.</doc>
<status status="PASS" starttime="20230119 14:56:30.449" endtime="20230119 14:56:30.479"/>
</kw>
<kw name="Click Button" library="Selenium2Library">
<arg>xpath://button[contains(text(),"Oui")]</arg>
<doc>Clicks the button identified by ``locator``.</doc>
<msg timestamp="20230119 14:56:30.481" level="INFO">Clicking button 'xpath://button[contains(text(),"Oui")]'.</msg>
<status status="PASS" starttime="20230119 14:56:30.480" endtime="20230119 14:56:30.811"/>
</kw>
<kw name="Sleep" library="BuiltIn">
<arg>1s</arg>
<doc>Pauses the test executed for the given time.</doc>
<msg timestamp="20230119 14:56:31.820" level="INFO">Slept 1 second</msg>
<status status="PASS" starttime="20230119 14:56:30.812" endtime="20230119 14:56:31.822"/>
</kw>
<kw name="Run Keyword And Return Status" library="BuiltIn">
<var>${isPresent}</var>
<arg>Element Should Be Visible</arg>
<arg>xpath://tr[1]/td[7]/div/div[5]/button/i[contains(@class,"fas fa-trash")]</arg>
<doc>Runs the given keyword with given arguments and returns the status as a Boolean value.</doc>
<kw name="Element Should Be Visible" library="Selenium2Library">
<arg>xpath://tr[1]/td[7]/div/div[5]/button/i[contains(@class,"fas fa-trash")]</arg>
<doc>Verifies that the element identified by ``locator`` is visible.</doc>
<msg timestamp="20230119 14:56:31.914" level="INFO">Element 'xpath://tr[1]/td[7]/div/div[5]/button/i[contains(@class,"fas fa-trash")]' is displayed.</msg>
<status status="PASS" starttime="20230119 14:56:31.825" endtime="20230119 14:56:31.915"/>
</kw>
<msg timestamp="20230119 14:56:31.915" level="INFO">${isPresent} = True</msg>
<status status="PASS" starttime="20230119 14:56:31.823" endtime="20230119 14:56:31.915"/>
</kw>
<status status="PASS" starttime="20230119 14:56:30.125" endtime="20230119 14:56:31.916"/>
</iter>
<iter>
<kw name="Click Element" library="Selenium2Library">
<arg>xpath://tr[1]/td[7]/div/div[5]/button/i[contains(@class,"fas fa-trash")]</arg>
<doc>Click the element identified by ``locator``.</doc>
<msg timestamp="20230119 14:56:31.918" level="INFO">Clicking element 'xpath://tr[1]/td[7]/div/div[5]/button/i[contains(@class,"fas fa-trash")]'.</msg>
<status status="PASS" starttime="20230119 14:56:31.917" endtime="20230119 14:56:32.240"/>
</kw>
<kw name="Wait Until Element Is Visible" library="Selenium2Library">
<arg>xpath://button[contains(text(),"Oui")]</arg>
<doc>Waits until the element ``locator`` is visible.</doc>
<status status="PASS" starttime="20230119 14:56:32.241" endtime="20230119 14:56:32.278"/>
</kw>
<kw name="Click Button" library="Selenium2Library">
<arg>xpath://button[contains(text(),"Oui")]</arg>
<doc>Clicks the button identified by ``locator``.</doc>
<msg timestamp="20230119 14:56:32.281" level="INFO">Clicking button 'xpath://button[contains(text(),"Oui")]'.</msg>
<status status="PASS" starttime="20230119 14:56:32.279" endtime="20230119 14:56:32.614"/>
</kw>
<kw name="Sleep" library="BuiltIn">
<arg>1s</arg>
<doc>Pauses the test executed for the given time.</doc>
<msg timestamp="20230119 14:56:33.618" level="INFO">Slept 1 second</msg>
<status status="PASS" starttime="20230119 14:56:32.615" endtime="20230119 14:56:33.619"/>
</kw>
<kw name="Run Keyword And Return Status" library="BuiltIn">
<var>${isPresent}</var>
<arg>Element Should Be Visible</arg>
<arg>xpath://tr[1]/td[7]/div/div[5]/button/i[contains(@class,"fas fa-trash")]</arg>
<doc>Runs the given keyword with given arguments and returns the status as a Boolean value.</doc>
<kw name="Element Should Be Visible" library="Selenium2Library">
<arg>xpath://tr[1]/td[7]/div/div[5]/button/i[contains(@class,"fas fa-trash")]</arg>
<doc>Verifies that the element identified by ``locator`` is visible.</doc>
<msg timestamp="20230119 14:56:33.661" level="INFO">Element 'xpath://tr[1]/td[7]/div/div[5]/button/i[contains(@class,"fas fa-trash")]' is displayed.</msg>
<status status="PASS" starttime="20230119 14:56:33.620" endtime="20230119 14:56:33.661"/>
</kw>
<msg timestamp="20230119 14:56:33.662" level="INFO">${isPresent} = True</msg>
<status status="PASS" starttime="20230119 14:56:33.620" endtime="20230119 14:56:33.662"/>
</kw>
<status status="PASS" starttime="20230119 14:56:31.916" endtime="20230119 14:56:33.662"/>
</iter>
<iter>
<kw name="Click Element" library="Selenium2Library">
<arg>xpath://tr[1]/td[7]/div/div[5]/button/i[contains(@class,"fas fa-trash")]</arg>
<doc>Click the element identified by ``locator``.</doc>
<msg timestamp="20230119 14:56:33.664" level="INFO">Clicking element 'xpath://tr[1]/td[7]/div/div[5]/button/i[contains(@class,"fas fa-trash")]'.</msg>
<status status="PASS" starttime="20230119 14:56:33.663" endtime="20230119 14:56:34.002"/>
</kw>
<kw name="Wait Until Element Is Visible" library="Selenium2Library">
<arg>xpath://button[contains(text(),"Oui")]</arg>
<doc>Waits until the element ``locator`` is visible.</doc>
<status status="PASS" starttime="20230119 14:56:34.004" endtime="20230119 14:56:34.031"/>
</kw>
<kw name="Click Button" library="Selenium2Library">
<arg>xpath://button[contains(text(),"Oui")]</arg>
<doc>Clicks the button identified by ``locator``.</doc>
<msg timestamp="20230119 14:56:34.033" level="INFO">Clicking button 'xpath://button[contains(text(),"Oui")]'.</msg>
<status status="PASS" starttime="20230119 14:56:34.032" endtime="20230119 14:56:34.379"/>
</kw>
<kw name="Sleep" library="BuiltIn">
<arg>1s</arg>
<doc>Pauses the test executed for the given time.</doc>
<msg timestamp="20230119 14:56:35.388" level="INFO">Slept 1 second</msg>
<status status="PASS" starttime="20230119 14:56:34.381" endtime="20230119 14:56:35.390"/>
</kw>
<kw name="Run Keyword And Return Status" library="BuiltIn">
<var>${isPresent}</var>
<arg>Element Should Be Visible</arg>
<arg>xpath://tr[1]/td[7]/div/div[5]/button/i[contains(@class,"fas fa-trash")]</arg>
<doc>Runs the given keyword with given arguments and returns the status as a Boolean value.</doc>
<kw name="Element Should Be Visible" library="Selenium2Library">
<arg>xpath://tr[1]/td[7]/div/div[5]/button/i[contains(@class,"fas fa-trash")]</arg>
<doc>Verifies that the element identified by ``locator`` is visible.</doc>
<msg timestamp="20230119 14:56:35.435" level="INFO">Element 'xpath://tr[1]/td[7]/div/div[5]/button/i[contains(@class,"fas fa-trash")]' is displayed.</msg>
<status status="PASS" starttime="20230119 14:56:35.393" endtime="20230119 14:56:35.437"/>
</kw>
<msg timestamp="20230119 14:56:35.439" level="INFO">${isPresent} = True</msg>
<status status="PASS" starttime="20230119 14:56:35.391" endtime="20230119 14:56:35.439"/>
</kw>
<status status="PASS" starttime="20230119 14:56:33.662" endtime="20230119 14:56:35.440"/>
</iter>
<iter>
<kw name="Click Element" library="Selenium2Library">
<arg>xpath://tr[1]/td[7]/div/div[5]/button/i[contains(@class,"fas fa-trash")]</arg>
<doc>Click the element identified by ``locator``.</doc>
<msg timestamp="20230119 14:56:35.443" level="INFO">Clicking element 'xpath://tr[1]/td[7]/div/div[5]/button/i[contains(@class,"fas fa-trash")]'.</msg>
<status status="PASS" starttime="20230119 14:56:35.442" endtime="20230119 14:56:35.769"/>
</kw>
<kw name="Wait Until Element Is Visible" library="Selenium2Library">
<arg>xpath://button[contains(text(),"Oui")]</arg>
<doc>Waits until the element ``locator`` is visible.</doc>
<status status="PASS" starttime="20230119 14:56:35.770" endtime="20230119 14:56:35.801"/>
</kw>
<kw name="Click Button" library="Selenium2Library">
<arg>xpath://button[contains(text(),"Oui")]</arg>
<doc>Clicks the button identified by ``locator``.</doc>
<msg timestamp="20230119 14:56:35.804" level="INFO">Clicking button 'xpath://button[contains(text(),"Oui")]'.</msg>
<status status="PASS" starttime="20230119 14:56:35.803" endtime="20230119 14:56:36.165"/>
</kw>
<kw name="Sleep" library="BuiltIn">
<arg>1s</arg>
<doc>Pauses the test executed for the given time.</doc>
<msg timestamp="20230119 14:56:37.177" level="INFO">Slept 1 second</msg>
<status status="PASS" starttime="20230119 14:56:36.166" endtime="20230119 14:56:37.178"/>
</kw>
<kw name="Run Keyword And Return Status" library="BuiltIn">
<var>${isPresent}</var>
<arg>Element Should Be Visible</arg>
<arg>xpath://tr[1]/td[7]/div/div[5]/button/i[contains(@class,"fas fa-trash")]</arg>
<doc>Runs the given keyword with given arguments and returns the status as a Boolean value.</doc>
<kw name="Element Should Be Visible" library="Selenium2Library">
<arg>xpath://tr[1]/td[7]/div/div[5]/button/i[contains(@class,"fas fa-trash")]</arg>
<doc>Verifies that the element identified by ``locator`` is visible.</doc>
<msg timestamp="20230119 14:56:37.239" level="INFO">Element 'xpath://tr[1]/td[7]/div/div[5]/button/i[contains(@class,"fas fa-trash")]' is displayed.</msg>
<status status="PASS" starttime="20230119 14:56:37.180" endtime="20230119 14:56:37.241"/>
</kw>
<msg timestamp="20230119 14:56:37.242" level="INFO">${isPresent} = True</msg>
<status status="PASS" starttime="20230119 14:56:37.179" endtime="20230119 14:56:37.243"/>
</kw>
<status status="PASS" starttime="20230119 14:56:35.441" endtime="20230119 14:56:37.244"/>
</iter>
<iter>
<kw name="Click Element" library="Selenium2Library">
<arg>xpath://tr[1]/td[7]/div/div[5]/button/i[contains(@class,"fas fa-trash")]</arg>
<doc>Click the element identified by ``locator``.</doc>
<msg timestamp="20230119 14:56:37.247" level="INFO">Clicking element 'xpath://tr[1]/td[7]/div/div[5]/button/i[contains(@class,"fas fa-trash")]'.</msg>
<status status="PASS" starttime="20230119 14:56:37.245" endtime="20230119 14:56:37.589"/>
</kw>
<kw name="Wait Until Element Is Visible" library="Selenium2Library">
<arg>xpath://button[contains(text(),"Oui")]</arg>
<doc>Waits until the element ``locator`` is visible.</doc>
<status status="PASS" starttime="20230119 14:56:37.590" endtime="20230119 14:56:37.620"/>
</kw>
<kw name="Click Button" library="Selenium2Library">
<arg>xpath://button[contains(text(),"Oui")]</arg>
<doc>Clicks the button identified by ``locator``.</doc>
<msg timestamp="20230119 14:56:37.624" level="INFO">Clicking button 'xpath://button[contains(text(),"Oui")]'.</msg>
<status status="PASS" starttime="20230119 14:56:37.622" endtime="20230119 14:56:37.940"/>
</kw>
<kw name="Sleep" library="BuiltIn">
<arg>1s</arg>
<doc>Pauses the test executed for the given time.</doc>
<msg timestamp="20230119 14:56:38.948" level="INFO">Slept 1 second</msg>
<status status="PASS" starttime="20230119 14:56:37.941" endtime="20230119 14:56:38.949"/>
</kw>
<kw name="Run Keyword And Return Status" library="BuiltIn">
<var>${isPresent}</var>
<arg>Element Should Be Visible</arg>
<arg>xpath://tr[1]/td[7]/div/div[5]/button/i[contains(@class,"fas fa-trash")]</arg>
<doc>Runs the given keyword with given arguments and returns the status as a Boolean value.</doc>
<kw name="Element Should Be Visible" library="Selenium2Library">
<arg>xpath://tr[1]/td[7]/div/div[5]/button/i[contains(@class,"fas fa-trash")]</arg>
<doc>Verifies that the element identified by ``locator`` is visible.</doc>
<msg timestamp="20230119 14:56:39.134" level="INFO">Element 'xpath://tr[1]/td[7]/div/div[5]/button/i[contains(@class,"fas fa-trash")]' is displayed.</msg>
<status status="PASS" starttime="20230119 14:56:38.952" endtime="20230119 14:56:39.134"/>
</kw>
<msg timestamp="20230119 14:56:39.135" level="INFO">${isPresent} = True</msg>
<status status="PASS" starttime="20230119 14:56:38.950" endtime="20230119 14:56:39.135"/>
</kw>
<status status="PASS" starttime="20230119 14:56:37.244" endtime="20230119 14:56:39.136"/>
</iter>
<iter>
<kw name="Click Element" library="Selenium2Library">
<arg>xpath://tr[1]/td[7]/div/div[5]/button/i[contains(@class,"fas fa-trash")]</arg>
<doc>Click the element identified by ``locator``.</doc>
<msg timestamp="20230119 14:56:39.137" level="INFO">Clicking element 'xpath://tr[1]/td[7]/div/div[5]/button/i[contains(@class,"fas fa-trash")]'.</msg>
<status status="PASS" starttime="20230119 14:56:39.137" endtime="20230119 14:56:39.473"/>
</kw>
<kw name="Wait Until Element Is Visible" library="Selenium2Library">
<arg>xpath://button[contains(text(),"Oui")]</arg>
<doc>Waits until the element ``locator`` is visible.</doc>
<status status="PASS" starttime="20230119 14:56:39.474" endtime="20230119 14:56:39.495"/>
</kw>
<kw name="Click Button" library="Selenium2Library">
<arg>xpath://button[contains(text(),"Oui")]</arg>
<doc>Clicks the button identified by ``locator``.</doc>
<msg timestamp="20230119 14:56:39.496" level="INFO">Clicking button 'xpath://button[contains(text(),"Oui")]'.</msg>
<status status="PASS" starttime="20230119 14:56:39.496" endtime="20230119 14:56:39.837"/>
</kw>
<kw name="Sleep" library="BuiltIn">
<arg>1s</arg>
<doc>Pauses the test executed for the given time.</doc>
<msg timestamp="20230119 14:56:40.845" level="INFO">Slept 1 second</msg>
<status status="PASS" starttime="20230119 14:56:39.838" endtime="20230119 14:56:40.846"/>
</kw>
<kw name="Run Keyword And Return Status" library="BuiltIn">
<var>${isPresent}</var>
<arg>Element Should Be Visible</arg>
<arg>xpath://tr[1]/td[7]/div/div[5]/button/i[contains(@class,"fas fa-trash")]</arg>
<doc>Runs the given keyword with given arguments and returns the status as a Boolean value.</doc>
<kw name="Element Should Be Visible" library="Selenium2Library">
<arg>xpath://tr[1]/td[7]/div/div[5]/button/i[contains(@class,"fas fa-trash")]</arg>
<doc>Verifies that the element identified by ``locator`` is visible.</doc>
<msg timestamp="20230119 14:56:40.876" level="INFO">Element 'xpath://tr[1]/td[7]/div/div[5]/button/i[contains(@class,"fas fa-trash")]' is displayed.</msg>
<status status="PASS" starttime="20230119 14:56:40.848" endtime="20230119 14:56:40.877"/>
</kw>
<msg timestamp="20230119 14:56:40.878" level="INFO">${isPresent} = True</msg>
<status status="PASS" starttime="20230119 14:56:40.847" endtime="20230119 14:56:40.878"/>
</kw>
<status status="PASS" starttime="20230119 14:56:39.136" endtime="20230119 14:56:40.879"/>
</iter>
<iter>
<kw name="Click Element" library="Selenium2Library">
<arg>xpath://tr[1]/td[7]/div/div[5]/button/i[contains(@class,"fas fa-trash")]</arg>
<doc>Click the element identified by ``locator``.</doc>
<msg timestamp="20230119 14:56:40.881" level="INFO">Clicking element 'xpath://tr[1]/td[7]/div/div[5]/button/i[contains(@class,"fas fa-trash")]'.</msg>
<status status="PASS" starttime="20230119 14:56:40.880" endtime="20230119 14:56:41.183"/>
</kw>
<kw name="Wait Until Element Is Visible" library="Selenium2Library">
<arg>xpath://button[contains(text(),"Oui")]</arg>
<doc>Waits until the element ``locator`` is visible.</doc>
<status status="PASS" starttime="20230119 14:56:41.184" endtime="20230119 14:56:41.210"/>
</kw>
<kw name="Click Button" library="Selenium2Library">
<arg>xpath://button[contains(text(),"Oui")]</arg>
<doc>Clicks the button identified by ``locator``.</doc>
<msg timestamp="20230119 14:56:41.212" level="INFO">Clicking button 'xpath://button[contains(text(),"Oui")]'.</msg>
<status status="PASS" starttime="20230119 14:56:41.211" endtime="20230119 14:56:41.527"/>
</kw>
<kw name="Sleep" library="BuiltIn">
<arg>1s</arg>
<doc>Pauses the test executed for the given time.</doc>
<msg timestamp="20230119 14:56:42.535" level="INFO">Slept 1 second</msg>
<status status="PASS" starttime="20230119 14:56:41.528" endtime="20230119 14:56:42.536"/>
</kw>
<kw name="Run Keyword And Return Status" library="BuiltIn">
<var>${isPresent}</var>
<arg>Element Should Be Visible</arg>
<arg>xpath://tr[1]/td[7]/div/div[5]/button/i[contains(@class,"fas fa-trash")]</arg>
<doc>Runs the given keyword with given arguments and returns the status as a Boolean value.</doc>
<kw name="Element Should Be Visible" library="Selenium2Library">
<arg>xpath://tr[1]/td[7]/div/div[5]/button/i[contains(@class,"fas fa-trash")]</arg>
<doc>Verifies that the element identified by ``locator`` is visible.</doc>
<msg timestamp="20230119 14:56:42.571" level="INFO">Element 'xpath://tr[1]/td[7]/div/div[5]/button/i[contains(@class,"fas fa-trash")]' is displayed.</msg>
<status status="PASS" starttime="20230119 14:56:42.538" endtime="20230119 14:56:42.574"/>
</kw>
<msg timestamp="20230119 14:56:42.575" level="INFO">${isPresent} = True</msg>
<status status="PASS" starttime="20230119 14:56:42.537" endtime="20230119 14:56:42.575"/>
</kw>
<status status="PASS" starttime="20230119 14:56:40.879" endtime="20230119 14:56:42.576"/>
</iter>
<iter>
<kw name="Click Element" library="Selenium2Library">
<arg>xpath://tr[1]/td[7]/div/div[5]/button/i[contains(@class,"fas fa-trash")]</arg>
<doc>Click the element identified by ``locator``.</doc>
<msg timestamp="20230119 14:56:42.578" level="INFO">Clicking element 'xpath://tr[1]/td[7]/div/div[5]/button/i[contains(@class,"fas fa-trash")]'.</msg>
<status status="PASS" starttime="20230119 14:56:42.577" endtime="20230119 14:56:42.889"/>
</kw>
<kw name="Wait Until Element Is Visible" library="Selenium2Library">
<arg>xpath://button[contains(text(),"Oui")]</arg>
<doc>Waits until the element ``locator`` is visible.</doc>
<status status="PASS" starttime="20230119 14:56:42.890" endtime="20230119 14:56:42.909"/>
</kw>
<kw name="Click Button" library="Selenium2Library">
<arg>xpath://button[contains(text(),"Oui")]</arg>
<doc>Clicks the button identified by ``locator``.</doc>
<msg timestamp="20230119 14:56:42.909" level="INFO">Clicking button 'xpath://button[contains(text(),"Oui")]'.</msg>
<status status="PASS" starttime="20230119 14:56:42.909" endtime="20230119 14:56:43.216"/>
</kw>
<kw name="Sleep" library="BuiltIn">
<arg>1s</arg>
<doc>Pauses the test executed for the given time.</doc>
<msg timestamp="20230119 14:56:44.224" level="INFO">Slept 1 second</msg>
<status status="PASS" starttime="20230119 14:56:43.217" endtime="20230119 14:56:44.225"/>
</kw>
<kw name="Run Keyword And Return Status" library="BuiltIn">
<var>${isPresent}</var>
<arg>Element Should Be Visible</arg>
<arg>xpath://tr[1]/td[7]/div/div[5]/button/i[contains(@class,"fas fa-trash")]</arg>
<doc>Runs the given keyword with given arguments and returns the status as a Boolean value.</doc>
<kw name="Element Should Be Visible" library="Selenium2Library">
<arg>xpath://tr[1]/td[7]/div/div[5]/button/i[contains(@class,"fas fa-trash")]</arg>
<doc>Verifies that the element identified by ``locator`` is visible.</doc>
<msg timestamp="20230119 14:56:44.319" level="INFO">Element 'xpath://tr[1]/td[7]/div/div[5]/button/i[contains(@class,"fas fa-trash")]' is displayed.</msg>
<status status="PASS" starttime="20230119 14:56:44.228" endtime="20230119 14:56:44.320"/>
</kw>
<msg timestamp="20230119 14:56:44.321" level="INFO">${isPresent} = True</msg>
<status status="PASS" starttime="20230119 14:56:44.226" endtime="20230119 14:56:44.322"/>
</kw>
<status status="PASS" starttime="20230119 14:56:42.577" endtime="20230119 14:56:44.322"/>
</iter>
<iter>
<kw name="Click Element" library="Selenium2Library">
<arg>xpath://tr[1]/td[7]/div/div[5]/button/i[contains(@class,"fas fa-trash")]</arg>
<doc>Click the element identified by ``locator``.</doc>
<msg timestamp="20230119 14:56:44.325" level="INFO">Clicking element 'xpath://tr[1]/td[7]/div/div[5]/button/i[contains(@class,"fas fa-trash")]'.</msg>
<status status="PASS" starttime="20230119 14:56:44.324" endtime="20230119 14:56:44.638"/>
</kw>
<kw name="Wait Until Element Is Visible" library="Selenium2Library">
<arg>xpath://button[contains(text(),"Oui")]</arg>
<doc>Waits until the element ``locator`` is visible.</doc>
<status status="PASS" starttime="20230119 14:56:44.639" endtime="20230119 14:56:44.670"/>
</kw>
<kw name="Click Button" library="Selenium2Library">
<arg>xpath://button[contains(text(),"Oui")]</arg>
<doc>Clicks the button identified by ``locator``.</doc>
<msg timestamp="20230119 14:56:44.671" level="INFO">Clicking button 'xpath://button[contains(text(),"Oui")]'.</msg>
<status status="PASS" starttime="20230119 14:56:44.671" endtime="20230119 14:56:44.995"/>
</kw>
<kw name="Sleep" library="BuiltIn">
<arg>1s</arg>
<doc>Pauses the test executed for the given time.</doc>
<msg timestamp="20230119 14:56:46.002" level="INFO">Slept 1 second</msg>
<status status="PASS" starttime="20230119 14:56:44.995" endtime="20230119 14:56:46.004"/>
</kw>
<kw name="Run Keyword And Return Status" library="BuiltIn">
<var>${isPresent}</var>
<arg>Element Should Be Visible</arg>
<arg>xpath://tr[1]/td[7]/div/div[5]/button/i[contains(@class,"fas fa-trash")]</arg>
<doc>Runs the given keyword with given arguments and returns the status as a Boolean value.</doc>
<kw name="Element Should Be Visible" library="Selenium2Library">
<arg>xpath://tr[1]/td[7]/div/div[5]/button/i[contains(@class,"fas fa-trash")]</arg>
<doc>Verifies that the element identified by ``locator`` is visible.</doc>
<msg timestamp="20230119 14:56:46.037" level="INFO">Element 'xpath://tr[1]/td[7]/div/div[5]/button/i[contains(@class,"fas fa-trash")]' is displayed.</msg>
<status status="PASS" starttime="20230119 14:56:46.006" endtime="20230119 14:56:46.038"/>
</kw>
<msg timestamp="20230119 14:56:46.039" level="INFO">${isPresent} = True</msg>
<status status="PASS" starttime="20230119 14:56:46.005" endtime="20230119 14:56:46.039"/>
</kw>
<status status="PASS" starttime="20230119 14:56:44.323" endtime="20230119 14:56:46.040"/>
</iter>
<iter>
<kw name="Click Element" library="Selenium2Library">
<arg>xpath://tr[1]/td[7]/div/div[5]/button/i[contains(@class,"fas fa-trash")]</arg>
<doc>Click the element identified by ``locator``.</doc>
<msg timestamp="20230119 14:56:46.042" level="INFO">Clicking element 'xpath://tr[1]/td[7]/div/div[5]/button/i[contains(@class,"fas fa-trash")]'.</msg>
<status status="PASS" starttime="20230119 14:56:46.041" endtime="20230119 14:56:46.397"/>
</kw>
<kw name="Wait Until Element Is Visible" library="Selenium2Library">
<arg>xpath://button[contains(text(),"Oui")]</arg>
<doc>Waits until the element ``locator`` is visible.</doc>
<status status="PASS" starttime="20230119 14:56:46.399" endtime="20230119 14:56:46.537"/>
</kw>
<kw name="Click Button" library="Selenium2Library">
<arg>xpath://button[contains(text(),"Oui")]</arg>
<doc>Clicks the button identified by ``locator``.</doc>
<msg timestamp="20230119 14:56:46.540" level="INFO">Clicking button 'xpath://button[contains(text(),"Oui")]'.</msg>
<status status="PASS" starttime="20230119 14:56:46.538" endtime="20230119 14:56:47.079"/>
</kw>
<kw name="Sleep" library="BuiltIn">
<arg>1s</arg>
<doc>Pauses the test executed for the given time.</doc>
<msg timestamp="20230119 14:56:48.086" level="INFO">Slept 1 second</msg>
<status status="PASS" starttime="20230119 14:56:47.081" endtime="20230119 14:56:48.087"/>
</kw>
<kw name="Run Keyword And Return Status" library="BuiltIn">
<var>${isPresent}</var>
<arg>Element Should Be Visible</arg>
<arg>xpath://tr[1]/td[7]/div/div[5]/button/i[contains(@class,"fas fa-trash")]</arg>
<doc>Runs the given keyword with given arguments and returns the status as a Boolean value.</doc>
<kw name="Element Should Be Visible" library="Selenium2Library">
<arg>xpath://tr[1]/td[7]/div/div[5]/button/i[contains(@class,"fas fa-trash")]</arg>
<doc>Verifies that the element identified by ``locator`` is visible.</doc>
<msg timestamp="20230119 14:56:48.261" level="INFO">Element 'xpath://tr[1]/td[7]/div/div[5]/button/i[contains(@class,"fas fa-trash")]' is displayed.</msg>
<status status="PASS" starttime="20230119 14:56:48.090" endtime="20230119 14:56:48.262"/>
</kw>
<msg timestamp="20230119 14:56:48.263" level="INFO">${isPresent} = True</msg>
<status status="PASS" starttime="20230119 14:56:48.089" endtime="20230119 14:56:48.263"/>
</kw>
<status status="PASS" starttime="20230119 14:56:46.041" endtime="20230119 14:56:48.263"/>
</iter>
<iter>
<kw name="Click Element" library="Selenium2Library">
<arg>xpath://tr[1]/td[7]/div/div[5]/button/i[contains(@class,"fas fa-trash")]</arg>
<doc>Click the element identified by ``locator``.</doc>
<msg timestamp="20230119 14:56:48.266" level="INFO">Clicking element 'xpath://tr[1]/td[7]/div/div[5]/button/i[contains(@class,"fas fa-trash")]'.</msg>
<status status="PASS" starttime="20230119 14:56:48.265" endtime="20230119 14:56:48.584"/>
</kw>
<kw name="Wait Until Element Is Visible" library="Selenium2Library">
<arg>xpath://button[contains(text(),"Oui")]</arg>
<doc>Waits until the element ``locator`` is visible.</doc>
<status status="PASS" starttime="20230119 14:56:48.585" endtime="20230119 14:56:48.620"/>
</kw>
<kw name="Click Button" library="Selenium2Library">
<arg>xpath://button[contains(text(),"Oui")]</arg>
<doc>Clicks the button identified by ``locator``.</doc>
<msg timestamp="20230119 14:56:48.622" level="INFO">Clicking button 'xpath://button[contains(text(),"Oui")]'.</msg>
<status status="PASS" starttime="20230119 14:56:48.621" endtime="20230119 14:56:48.959"/>
</kw>
<kw name="Sleep" library="BuiltIn">
<arg>1s</arg>
<doc>Pauses the test executed for the given time.</doc>
<msg timestamp="20230119 14:56:49.963" level="INFO">Slept 1 second</msg>
<status status="PASS" starttime="20230119 14:56:48.960" endtime="20230119 14:56:49.964"/>
</kw>
<kw name="Run Keyword And Return Status" library="BuiltIn">
<var>${isPresent}</var>
<arg>Element Should Be Visible</arg>
<arg>xpath://tr[1]/td[7]/div/div[5]/button/i[contains(@class,"fas fa-trash")]</arg>
<doc>Runs the given keyword with given arguments and returns the status as a Boolean value.</doc>
<kw name="Element Should Be Visible" library="Selenium2Library">
<arg>xpath://tr[1]/td[7]/div/div[5]/button/i[contains(@class,"fas fa-trash")]</arg>
<doc>Verifies that the element identified by ``locator`` is visible.</doc>
<msg timestamp="20230119 14:56:50.004" level="INFO">Element 'xpath://tr[1]/td[7]/div/div[5]/button/i[contains(@class,"fas fa-trash")]' is displayed.</msg>
<status status="PASS" starttime="20230119 14:56:49.965" endtime="20230119 14:56:50.005"/>
</kw>
<msg timestamp="20230119 14:56:50.005" level="INFO">${isPresent} = True</msg>
<status status="PASS" starttime="20230119 14:56:49.964" endtime="20230119 14:56:50.006"/>
</kw>
<status status="PASS" starttime="20230119 14:56:48.264" endtime="20230119 14:56:50.006"/>
</iter>
<iter>
<kw name="Click Element" library="Selenium2Library">
<arg>xpath://tr[1]/td[7]/div/div[5]/button/i[contains(@class,"fas fa-trash")]</arg>
<doc>Click the element identified by ``locator``.</doc>
<msg timestamp="20230119 14:56:50.008" level="INFO">Clicking element 'xpath://tr[1]/td[7]/div/div[5]/button/i[contains(@class,"fas fa-trash")]'.</msg>
<status status="PASS" starttime="20230119 14:56:50.007" endtime="20230119 14:56:50.307"/>
</kw>
<kw name="Wait Until Element Is Visible" library="Selenium2Library">
<arg>xpath://button[contains(text(),"Oui")]</arg>
<doc>Waits until the element ``locator`` is visible.</doc>
<status status="PASS" starttime="20230119 14:56:50.308" endtime="20230119 14:56:50.341"/>
</kw>
<kw name="Click Button" library="Selenium2Library">
<arg>xpath://button[contains(text(),"Oui")]</arg>
<doc>Clicks the button identified by ``locator``.</doc>
<msg timestamp="20230119 14:56:50.343" level="INFO">Clicking button 'xpath://button[contains(text(),"Oui")]'.</msg>
<status status="PASS" starttime="20230119 14:56:50.342" endtime="20230119 14:56:50.691"/>
</kw>
<kw name="Sleep" library="BuiltIn">
<arg>1s</arg>
<doc>Pauses the test executed for the given time.</doc>
<msg timestamp="20230119 14:56:51.699" level="INFO">Slept 1 second</msg>
<status status="PASS" starttime="20230119 14:56:50.692" endtime="20230119 14:56:51.701"/>
</kw>
<kw name="Run Keyword And Return Status" library="BuiltIn">
<var>${isPresent}</var>
<arg>Element Should Be Visible</arg>
<arg>xpath://tr[1]/td[7]/div/div[5]/button/i[contains(@class,"fas fa-trash")]</arg>
<doc>Runs the given keyword with given arguments and returns the status as a Boolean value.</doc>
<kw name="Element Should Be Visible" library="Selenium2Library">
<arg>xpath://tr[1]/td[7]/div/div[5]/button/i[contains(@class,"fas fa-trash")]</arg>
<doc>Verifies that the element identified by ``locator`` is visible.</doc>
<msg timestamp="20230119 14:56:51.758" level="INFO">Element 'xpath://tr[1]/td[7]/div/div[5]/button/i[contains(@class,"fas fa-trash")]' is displayed.</msg>
<status status="PASS" starttime="20230119 14:56:51.705" endtime="20230119 14:56:51.760"/>
</kw>
<msg timestamp="20230119 14:56:51.761" level="INFO">${isPresent} = True</msg>
<status status="PASS" starttime="20230119 14:56:51.703" endtime="20230119 14:56:51.762"/>
</kw>
<status status="PASS" starttime="20230119 14:56:50.006" endtime="20230119 14:56:51.763"/>
</iter>
<iter>
<kw name="Click Element" library="Selenium2Library">
<arg>xpath://tr[1]/td[7]/div/div[5]/button/i[contains(@class,"fas fa-trash")]</arg>
<doc>Click the element identified by ``locator``.</doc>
<msg timestamp="20230119 14:56:51.772" level="INFO">Clicking element 'xpath://tr[1]/td[7]/div/div[5]/button/i[contains(@class,"fas fa-trash")]'.</msg>
<status status="PASS" starttime="20230119 14:56:51.768" endtime="20230119 14:56:52.078"/>
</kw>
<kw name="Wait Until Element Is Visible" library="Selenium2Library">
<arg>xpath://button[contains(text(),"Oui")]</arg>
<doc>Waits until the element ``locator`` is visible.</doc>
<status status="PASS" starttime="20230119 14:56:52.079" endtime="20230119 14:56:52.133"/>
</kw>
<kw name="Click Button" library="Selenium2Library">
<arg>xpath://button[contains(text(),"Oui")]</arg>
<doc>Clicks the button identified by ``locator``.</doc>
<msg timestamp="20230119 14:56:52.136" level="INFO">Clicking button 'xpath://button[contains(text(),"Oui")]'.</msg>
<status status="PASS" starttime="20230119 14:56:52.134" endtime="20230119 14:56:52.541"/>
</kw>
<kw name="Sleep" library="BuiltIn">
<arg>1s</arg>
<doc>Pauses the test executed for the given time.</doc>
<msg timestamp="20230119 14:56:53.544" level="INFO">Slept 1 second</msg>
<status status="PASS" starttime="20230119 14:56:52.542" endtime="20230119 14:56:53.546"/>
</kw>
<kw name="Run Keyword And Return Status" library="BuiltIn">
<var>${isPresent}</var>
<arg>Element Should Be Visible</arg>
<arg>xpath://tr[1]/td[7]/div/div[5]/button/i[contains(@class,"fas fa-trash")]</arg>
<doc>Runs the given keyword with given arguments and returns the status as a Boolean value.</doc>
<kw name="Element Should Be Visible" library="Selenium2Library">
<arg>xpath://tr[1]/td[7]/div/div[5]/button/i[contains(@class,"fas fa-trash")]</arg>
<doc>Verifies that the element identified by ``locator`` is visible.</doc>
<msg timestamp="20230119 14:56:53.586" level="INFO">Element 'xpath://tr[1]/td[7]/div/div[5]/button/i[contains(@class,"fas fa-trash")]' is displayed.</msg>
<status status="PASS" starttime="20230119 14:56:53.550" endtime="20230119 14:56:53.586"/>
</kw>
<msg timestamp="20230119 14:56:53.587" level="INFO">${isPresent} = True</msg>
<status status="PASS" starttime="20230119 14:56:53.548" endtime="20230119 14:56:53.587"/>
</kw>
<status status="PASS" starttime="20230119 14:56:51.765" endtime="20230119 14:56:53.588"/>
</iter>
<iter>
<kw name="Click Element" library="Selenium2Library">
<arg>xpath://tr[1]/td[7]/div/div[5]/button/i[contains(@class,"fas fa-trash")]</arg>
<doc>Click the element identified by ``locator``.</doc>
<msg timestamp="20230119 14:56:53.591" level="INFO">Clicking element 'xpath://tr[1]/td[7]/div/div[5]/button/i[contains(@class,"fas fa-trash")]'.</msg>
<status status="PASS" starttime="20230119 14:56:53.590" endtime="20230119 14:56:53.897"/>
</kw>
<kw name="Wait Until Element Is Visible" library="Selenium2Library">
<arg>xpath://button[contains(text(),"Oui")]</arg>
<doc>Waits until the element ``locator`` is visible.</doc>
<status status="PASS" starttime="20230119 14:56:53.898" endtime="20230119 14:56:53.931"/>
</kw>
<kw name="Click Button" library="Selenium2Library">
<arg>xpath://button[contains(text(),"Oui")]</arg>
<doc>Clicks the button identified by ``locator``.</doc>
<msg timestamp="20230119 14:56:53.933" level="INFO">Clicking button 'xpath://button[contains(text(),"Oui")]'.</msg>
<status status="PASS" starttime="20230119 14:56:53.932" endtime="20230119 14:56:54.262"/>
</kw>
<kw name="Sleep" library="BuiltIn">
<arg>1s</arg>
<doc>Pauses the test executed for the given time.</doc>
<msg timestamp="20230119 14:56:55.278" level="INFO">Slept 1 second</msg>
<status status="PASS" starttime="20230119 14:56:54.263" endtime="20230119 14:56:55.280"/>
</kw>
<kw name="Run Keyword And Return Status" library="BuiltIn">
<var>${isPresent}</var>
<arg>Element Should Be Visible</arg>
<arg>xpath://tr[1]/td[7]/div/div[5]/button/i[contains(@class,"fas fa-trash")]</arg>
<doc>Runs the given keyword with given arguments and returns the status as a Boolean value.</doc>
<kw name="Element Should Be Visible" library="Selenium2Library">
<arg>xpath://tr[1]/td[7]/div/div[5]/button/i[contains(@class,"fas fa-trash")]</arg>
<doc>Verifies that the element identified by ``locator`` is visible.</doc>
<msg timestamp="20230119 14:56:55.346" level="INFO">Element 'xpath://tr[1]/td[7]/div/div[5]/button/i[contains(@class,"fas fa-trash")]' is displayed.</msg>
<status status="PASS" starttime="20230119 14:56:55.282" endtime="20230119 14:56:55.347"/>
</kw>
<msg timestamp="20230119 14:56:55.348" level="INFO">${isPresent} = True</msg>
<status status="PASS" starttime="20230119 14:56:55.281" endtime="20230119 14:56:55.349"/>
</kw>
<status status="PASS" starttime="20230119 14:56:53.589" endtime="20230119 14:56:55.349"/>
</iter>
<iter>
<kw name="Click Element" library="Selenium2Library">
<arg>xpath://tr[1]/td[7]/div/div[5]/button/i[contains(@class,"fas fa-trash")]</arg>
<doc>Click the element identified by ``locator``.</doc>
<msg timestamp="20230119 14:56:55.354" level="INFO">Clicking element 'xpath://tr[1]/td[7]/div/div[5]/button/i[contains(@class,"fas fa-trash")]'.</msg>
<status status="PASS" starttime="20230119 14:56:55.352" endtime="20230119 14:56:55.644"/>
</kw>
<kw name="Wait Until Element Is Visible" library="Selenium2Library">
<arg>xpath://button[contains(text(),"Oui")]</arg>
<doc>Waits until the element ``locator`` is visible.</doc>
<status status="PASS" starttime="20230119 14:56:55.644" endtime="20230119 14:56:55.683"/>
</kw>
<kw name="Click Button" library="Selenium2Library">
<arg>xpath://button[contains(text(),"Oui")]</arg>
<doc>Clicks the button identified by ``locator``.</doc>
<msg timestamp="20230119 14:56:55.687" level="INFO">Clicking button 'xpath://button[contains(text(),"Oui")]'.</msg>
<status status="PASS" starttime="20230119 14:56:55.685" endtime="20230119 14:56:56.006"/>
</kw>
<kw name="Sleep" library="BuiltIn">
<arg>1s</arg>
<doc>Pauses the test executed for the given time.</doc>
<msg timestamp="20230119 14:56:57.018" level="INFO">Slept 1 second</msg>
<status status="PASS" starttime="20230119 14:56:56.008" endtime="20230119 14:56:57.019"/>
</kw>
<kw name="Run Keyword And Return Status" library="BuiltIn">
<var>${isPresent}</var>
<arg>Element Should Be Visible</arg>
<arg>xpath://tr[1]/td[7]/div/div[5]/button/i[contains(@class,"fas fa-trash")]</arg>
<doc>Runs the given keyword with given arguments and returns the status as a Boolean value.</doc>
<kw name="Element Should Be Visible" library="Selenium2Library">
<arg>xpath://tr[1]/td[7]/div/div[5]/button/i[contains(@class,"fas fa-trash")]</arg>
<doc>Verifies that the element identified by ``locator`` is visible.</doc>
<msg timestamp="20230119 14:56:57.064" level="INFO">Element 'xpath://tr[1]/td[7]/div/div[5]/button/i[contains(@class,"fas fa-trash")]' is displayed.</msg>
<status status="PASS" starttime="20230119 14:56:57.023" endtime="20230119 14:56:57.065"/>
</kw>
<msg timestamp="20230119 14:56:57.066" level="INFO">${isPresent} = True</msg>
<status status="PASS" starttime="20230119 14:56:57.021" endtime="20230119 14:56:57.066"/>
</kw>
<status status="PASS" starttime="20230119 14:56:55.350" endtime="20230119 14:56:57.066"/>
</iter>
<iter>
<kw name="Click Element" library="Selenium2Library">
<arg>xpath://tr[1]/td[7]/div/div[5]/button/i[contains(@class,"fas fa-trash")]</arg>
<doc>Click the element identified by ``locator``.</doc>
<msg timestamp="20230119 14:56:57.070" level="INFO">Clicking element 'xpath://tr[1]/td[7]/div/div[5]/button/i[contains(@class,"fas fa-trash")]'.</msg>
<status status="PASS" starttime="20230119 14:56:57.069" endtime="20230119 14:56:57.449"/>
</kw>
<kw name="Wait Until Element Is Visible" library="Selenium2Library">
<arg>xpath://button[contains(text(),"Oui")]</arg>
<doc>Waits until the element ``locator`` is visible.</doc>
<status status="PASS" starttime="20230119 14:56:57.452" endtime="20230119 14:56:57.483"/>
</kw>
<kw name="Click Button" library="Selenium2Library">
<arg>xpath://button[contains(text(),"Oui")]</arg>
<doc>Clicks the button identified by ``locator``.</doc>
<msg timestamp="20230119 14:56:57.487" level="INFO">Clicking button 'xpath://button[contains(text(),"Oui")]'.</msg>
<status status="PASS" starttime="20230119 14:56:57.485" endtime="20230119 14:56:57.778"/>
</kw>
<kw name="Sleep" library="BuiltIn">
<arg>1s</arg>
<doc>Pauses the test executed for the given time.</doc>
<msg timestamp="20230119 14:56:58.782" level="INFO">Slept 1 second</msg>
<status status="PASS" starttime="20230119 14:56:57.779" endtime="20230119 14:56:58.784"/>
</kw>
<kw name="Run Keyword And Return Status" library="BuiltIn">
<var>${isPresent}</var>
<arg>Element Should Be Visible</arg>
<arg>xpath://tr[1]/td[7]/div/div[5]/button/i[contains(@class,"fas fa-trash")]</arg>
<doc>Runs the given keyword with given arguments and returns the status as a Boolean value.</doc>
<kw name="Element Should Be Visible" library="Selenium2Library">
<arg>xpath://tr[1]/td[7]/div/div[5]/button/i[contains(@class,"fas fa-trash")]</arg>
<doc>Verifies that the element identified by ``locator`` is visible.</doc>
<msg timestamp="20230119 14:56:58.834" level="INFO">Element 'xpath://tr[1]/td[7]/div/div[5]/button/i[contains(@class,"fas fa-trash")]' is displayed.</msg>
<status status="PASS" starttime="20230119 14:56:58.789" endtime="20230119 14:56:58.835"/>
</kw>
<msg timestamp="20230119 14:56:58.836" level="INFO">${isPresent} = True</msg>
<status status="PASS" starttime="20230119 14:56:58.786" endtime="20230119 14:56:58.837"/>
</kw>
<status status="PASS" starttime="20230119 14:56:57.067" endtime="20230119 14:56:58.837"/>
</iter>
<iter>
<kw name="Click Element" library="Selenium2Library">
<arg>xpath://tr[1]/td[7]/div/div[5]/button/i[contains(@class,"fas fa-trash")]</arg>
<doc>Click the element identified by ``locator``.</doc>
<msg timestamp="20230119 14:56:58.840" level="INFO">Clicking element 'xpath://tr[1]/td[7]/div/div[5]/button/i[contains(@class,"fas fa-trash")]'.</msg>
<status status="PASS" starttime="20230119 14:56:58.839" endtime="20230119 14:56:59.119"/>
</kw>
<kw name="Wait Until Element Is Visible" library="Selenium2Library">
<arg>xpath://button[contains(text(),"Oui")]</arg>
<doc>Waits until the element ``locator`` is visible.</doc>
<status status="PASS" starttime="20230119 14:56:59.121" endtime="20230119 14:56:59.152"/>
</kw>
<kw name="Click Button" library="Selenium2Library">
<arg>xpath://button[contains(text(),"Oui")]</arg>
<doc>Clicks the button identified by ``locator``.</doc>
<msg timestamp="20230119 14:56:59.154" level="INFO">Clicking button 'xpath://button[contains(text(),"Oui")]'.</msg>
<status status="PASS" starttime="20230119 14:56:59.153" endtime="20230119 14:56:59.455"/>
</kw>
<kw name="Sleep" library="BuiltIn">
<arg>1s</arg>
<doc>Pauses the test executed for the given time.</doc>
<msg timestamp="20230119 14:57:00.463" level="INFO">Slept 1 second</msg>
<status status="PASS" starttime="20230119 14:56:59.456" endtime="20230119 14:57:00.464"/>
</kw>
<kw name="Run Keyword And Return Status" library="BuiltIn">
<var>${isPresent}</var>
<arg>Element Should Be Visible</arg>
<arg>xpath://tr[1]/td[7]/div/div[5]/button/i[contains(@class,"fas fa-trash")]</arg>
<doc>Runs the given keyword with given arguments and returns the status as a Boolean value.</doc>
<kw name="Element Should Be Visible" library="Selenium2Library">
<arg>xpath://tr[1]/td[7]/div/div[5]/button/i[contains(@class,"fas fa-trash")]</arg>
<doc>Verifies that the element identified by ``locator`` is visible.</doc>
<msg timestamp="20230119 14:57:00.500" level="INFO">Element 'xpath://tr[1]/td[7]/div/div[5]/button/i[contains(@class,"fas fa-trash")]' is displayed.</msg>
<status status="PASS" starttime="20230119 14:57:00.467" endtime="20230119 14:57:00.501"/>
</kw>
<msg timestamp="20230119 14:57:00.502" level="INFO">${isPresent} = True</msg>
<status status="PASS" starttime="20230119 14:57:00.465" endtime="20230119 14:57:00.502"/>
</kw>
<status status="PASS" starttime="20230119 14:56:58.838" endtime="20230119 14:57:00.502"/>
</iter>
<iter>
<kw name="Click Element" library="Selenium2Library">
<arg>xpath://tr[1]/td[7]/div/div[5]/button/i[contains(@class,"fas fa-trash")]</arg>
<doc>Click the element identified by ``locator``.</doc>
<msg timestamp="20230119 14:57:00.505" level="INFO">Clicking element 'xpath://tr[1]/td[7]/div/div[5]/button/i[contains(@class,"fas fa-trash")]'.</msg>
<status status="PASS" starttime="20230119 14:57:00.504" endtime="20230119 14:57:00.770"/>
</kw>
<kw name="Wait Until Element Is Visible" library="Selenium2Library">
<arg>xpath://button[contains(text(),"Oui")]</arg>
<doc>Waits until the element ``locator`` is visible.</doc>
<status status="PASS" starttime="20230119 14:57:00.771" endtime="20230119 14:57:00.812"/>
</kw>
<kw name="Click Button" library="Selenium2Library">
<arg>xpath://button[contains(text(),"Oui")]</arg>
<doc>Clicks the button identified by ``locator``.</doc>
<msg timestamp="20230119 14:57:00.815" level="INFO">Clicking button 'xpath://button[contains(text(),"Oui")]'.</msg>
<status status="PASS" starttime="20230119 14:57:00.814" endtime="20230119 14:57:01.129"/>
</kw>
<kw name="Sleep" library="BuiltIn">
<arg>1s</arg>
<doc>Pauses the test executed for the given time.</doc>
<msg timestamp="20230119 14:57:02.141" level="INFO">Slept 1 second</msg>
<status status="PASS" starttime="20230119 14:57:01.131" endtime="20230119 14:57:02.142"/>
</kw>
<kw name="Run Keyword And Return Status" library="BuiltIn">
<var>${isPresent}</var>
<arg>Element Should Be Visible</arg>
<arg>xpath://tr[1]/td[7]/div/div[5]/button/i[contains(@class,"fas fa-trash")]</arg>
<doc>Runs the given keyword with given arguments and returns the status as a Boolean value.</doc>
<kw name="Element Should Be Visible" library="Selenium2Library">
<arg>xpath://tr[1]/td[7]/div/div[5]/button/i[contains(@class,"fas fa-trash")]</arg>
<doc>Verifies that the element identified by ``locator`` is visible.</doc>
<msg timestamp="20230119 14:57:02.357" level="INFO" html="true">&lt;/td&gt;&lt;/tr&gt;&lt;tr&gt;&lt;td colspan="3"&gt;&lt;a href="selenium-screenshot-361.png"&gt;&lt;img src="selenium-screenshot-361.png" width="800px"&gt;&lt;/a&gt;</msg>
<msg timestamp="20230119 14:57:02.359" level="FAIL">Element with locator 'xpath://tr[1]/td[7]/div/div[5]/button/i[contains(@class,"fas fa-trash")]' not found.</msg>
<status status="FAIL" starttime="20230119 14:57:02.145" endtime="20230119 14:57:02.361"/>
</kw>
<msg timestamp="20230119 14:57:02.362" level="INFO">${isPresent} = False</msg>
<status status="PASS" starttime="20230119 14:57:02.144" endtime="20230119 14:57:02.362"/>
</kw>
<status status="PASS" starttime="20230119 14:57:00.503" endtime="20230119 14:57:02.362"/>
</iter>
<status status="PASS" starttime="20230119 14:56:17.138" endtime="20230119 14:57:02.363"/>
</while>
<kw name="Sleep" library="BuiltIn">
<arg>2</arg>
<doc>Pauses the test executed for the given time.</doc>
<msg timestamp="20230119 14:57:04.371" level="INFO">Slept 2 seconds</msg>
<status status="PASS" starttime="20230119 14:57:02.363" endtime="20230119 14:57:04.372"/>
</kw>
<status status="PASS" starttime="20230119 14:56:04.198" endtime="20230119 14:57:04.373"/>
</kw>
<kw name="Close Browser" library="Selenium2Library" type="TEARDOWN">
<doc>Closes the current browser.</doc>
<status status="PASS" starttime="20230119 14:57:04.377" endtime="20230119 14:57:07.611"/>
</kw>
<status status="PASS" starttime="20230119 14:55:41.169" endtime="20230119 14:57:07.613"/>
</test>
<status status="PASS" starttime="20230119 14:55:39.627" endtime="20230119 14:57:07.621"/>
</suite>
<statistics>
<total>
<stat pass="1" fail="0" skip="0">All Tests</stat>
</total>
<tag>
</tag>
<suite>
<stat pass="1" fail="0" skip="0" id="s1" name="LancementTest">LancementTest</stat>
</suite>
</statistics>
<errors>
</errors>
</robot>
